{"level":"info","message":"Intento de inicio de sesión desde IP: ::1, clientId: 864a9d3c-3dc7-4eb3-9827-eaba154388b3"}
{"level":"info","message":"Intento de inicio de sesión desde IP: ::1, clientId: 864a9d3c-3dc7-4eb3-9827-eaba154388b3"}
{"level":"warn","message":"Intento fallido desde IP: ::1 y clientId: 864a9d3c-3dc7-4eb3-9827-eaba154388b3"}
{"level":"info","message":"Intento de inicio de sesión desde IP: ::1, clientId: 864a9d3c-3dc7-4eb3-9827-eaba154388b3"}
{"level":"info","message":"Intento de inicio de sesión desde IP: ::1, clientId: 864a9d3c-3dc7-4eb3-9827-eaba154388b3"}
{"level":"info","message":"Intento de inicio de sesión desde IP: ::1, clientId: 864a9d3c-3dc7-4eb3-9827-eaba154388b3"}
{"level":"info","message":"Intento de inicio de sesión desde IP: ::1, clientId: 864a9d3c-3dc7-4eb3-9827-eaba154388b3"}
{"level":"info","message":"Intento de inicio de sesión desde IP: ::1, clientId: 864a9d3c-3dc7-4eb3-9827-eaba154388b3"}
{"level":"info","message":"Intento de inicio de sesión desde IP: ::1, clientId: 864a9d3c-3dc7-4eb3-9827-eaba154388b3"}
{"level":"info","message":"Usuario 17 inició sesión desde IP: ::1 y clienteId: 864a9d3c-3dc7-4eb3-9827-eaba154388b3"}
{"level":"info","message":"Intento de inicio de sesión desde IP: ::1, clientId: 864a9d3c-3dc7-4eb3-9827-eaba154388b3"}
{"level":"warn","message":"Intento fallido desde IP: ::1 y clientId: 864a9d3c-3dc7-4eb3-9827-eaba154388b3"}
{"level":"info","message":"Intento de inicio de sesión desde IP: ::1, clientId: 864a9d3c-3dc7-4eb3-9827-eaba154388b3"}
{"level":"info","message":"Intento de inicio de sesión desde IP: ::1, clientId: 864a9d3c-3dc7-4eb3-9827-eaba154388b3"}
{"level":"info","message":"Intento de inicio de sesión desde IP: ::1, clientId: 864a9d3c-3dc7-4eb3-9827-eaba154388b3"}
{"level":"warn","message":"Intento fallido desde IP: ::1 y clientId: 864a9d3c-3dc7-4eb3-9827-eaba154388b3"}
{"level":"info","message":"Intento de inicio de sesión desde IP: ::1, clientId: 864a9d3c-3dc7-4eb3-9827-eaba154388b3"}
{"level":"warn","message":"Intento fallido desde IP: ::1 y clientId: 864a9d3c-3dc7-4eb3-9827-eaba154388b3"}
{"level":"info","message":"Intento de inicio de sesión desde IP: ::1, clientId: 864a9d3c-3dc7-4eb3-9827-eaba154388b3"}
{"level":"warn","message":"Intento fallido desde IP: ::1 y clientId: 864a9d3c-3dc7-4eb3-9827-eaba154388b3"}
{"level":"info","message":"Intento de inicio de sesión desde IP: ::1, clientId: 864a9d3c-3dc7-4eb3-9827-eaba154388b3"}
{"level":"warn","message":"Intento fallido desde IP: ::1 y clientId: 864a9d3c-3dc7-4eb3-9827-eaba154388b3"}
{"level":"info","message":"Intento de inicio de sesión desde IP: ::1, clientId: 864a9d3c-3dc7-4eb3-9827-eaba154388b3"}
{"level":"info","message":"Intento de inicio de sesión desde IP: ::1, clientId: 9953040a-189c-4944-87a1-b81622387f5f"}
{"level":"info","message":"Intento de inicio de sesión desde IP: ::1, clientId: 864a9d3c-3dc7-4eb3-9827-eaba154388b3"}
{"level":"info","message":"Intento de inicio de sesión desde IP: ::1, clientId: 864a9d3c-3dc7-4eb3-9827-eaba154388b3"}
{"level":"info","message":"Intento de inicio de sesión desde IP: ::1, clientId: 9953040a-189c-4944-87a1-b81622387f5f"}
{"level":"info","message":"Intento de inicio de sesión desde IP: ::1, clientId: 864a9d3c-3dc7-4eb3-9827-eaba154388b3"}
{"level":"info","message":"Intento de inicio de sesión desde IP: ::1, clientId: 864a9d3c-3dc7-4eb3-9827-eaba154388b3"}
{"level":"warn","message":"Intento fallido desde IP: ::1 y clientId: 864a9d3c-3dc7-4eb3-9827-eaba154388b3"}
{"level":"info","message":"Intento de inicio de sesión desde IP: ::1, clientId: 864a9d3c-3dc7-4eb3-9827-eaba154388b3"}
{"level":"warn","message":"Intento fallido desde IP: ::1 y clientId: 864a9d3c-3dc7-4eb3-9827-eaba154388b3"}
{"level":"info","message":"Intento de inicio de sesión desde IP: ::1, clientId: 864a9d3c-3dc7-4eb3-9827-eaba154388b3"}
{"level":"warn","message":"Intento fallido desde IP: ::1 y clientId: 864a9d3c-3dc7-4eb3-9827-eaba154388b3"}
{"level":"info","message":"Intento de inicio de sesión desde IP: ::1, clientId: 864a9d3c-3dc7-4eb3-9827-eaba154388b3"}
{"level":"warn","message":"Intento fallido desde IP: ::1 y clientId: 864a9d3c-3dc7-4eb3-9827-eaba154388b3"}
{"level":"info","message":"Intento de inicio de sesión desde IP: ::1, clientId: 864a9d3c-3dc7-4eb3-9827-eaba154388b3"}
{"level":"warn","message":"Intento fallido desde IP: ::1 y clientId: 864a9d3c-3dc7-4eb3-9827-eaba154388b3"}
{"level":"info","message":"Intento de inicio de sesión desde IP: ::1, clientId: 864a9d3c-3dc7-4eb3-9827-eaba154388b3"}
{"level":"info","message":"Intento de inicio de sesión desde IP: ::1, clientId: 864a9d3c-3dc7-4eb3-9827-eaba154388b3"}
{"level":"warn","message":"Intento fallido desde IP: ::1 y clientId: 864a9d3c-3dc7-4eb3-9827-eaba154388b3"}
{"level":"info","message":"Intento de inicio de sesión desde IP: ::1, clientId: 864a9d3c-3dc7-4eb3-9827-eaba154388b3"}
{"level":"info","message":"Usuario 17 inició sesión desde IP: ::1 y clienteId: 864a9d3c-3dc7-4eb3-9827-eaba154388b3"}
{"level":"info","message":"Intento de inicio de sesión desde IP: ::1, clientId: 864a9d3c-3dc7-4eb3-9827-eaba154388b3"}
{"level":"info","message":"Usuario 17 inició sesión desde IP: ::1 y clienteId: 864a9d3c-3dc7-4eb3-9827-eaba154388b3"}
{"level":"info","message":"Intento de inicio de sesión desde IP: ::1, clientId: 864a9d3c-3dc7-4eb3-9827-eaba154388b3"}
{"level":"warn","message":"Intento fallido desde IP: ::1 y clientId: 864a9d3c-3dc7-4eb3-9827-eaba154388b3"}
{"level":"info","message":"Intento de inicio de sesión desde IP: ::1, clientId: 864a9d3c-3dc7-4eb3-9827-eaba154388b3"}
{"level":"warn","message":"Intento fallido desde IP: ::1 y clientId: 864a9d3c-3dc7-4eb3-9827-eaba154388b3"}
{"level":"info","message":"Intento de inicio de sesión desde IP: ::1, clientId: 864a9d3c-3dc7-4eb3-9827-eaba154388b3"}
{"level":"warn","message":"Intento fallido desde IP: ::1 y clientId: 864a9d3c-3dc7-4eb3-9827-eaba154388b3"}
{"level":"info","message":"Intento de inicio de sesión desde IP: ::1, clientId: 864a9d3c-3dc7-4eb3-9827-eaba154388b3"}
{"level":"warn","message":"Intento fallido desde IP: ::1 y clientId: 864a9d3c-3dc7-4eb3-9827-eaba154388b3"}
{"level":"info","message":"Intento de inicio de sesión desde IP: ::1, clientId: 864a9d3c-3dc7-4eb3-9827-eaba154388b3"}
{"level":"warn","message":"Intento fallido desde IP: ::1 y clientId: 864a9d3c-3dc7-4eb3-9827-eaba154388b3"}
{"level":"info","message":"Intento de inicio de sesión desde IP: ::1, clientId: 864a9d3c-3dc7-4eb3-9827-eaba154388b3"}
{"level":"info","message":"Intento de inicio de sesión desde IP: ::1, clientId: 1e5b6dba-1748-4c2e-896b-d0cedfae5aee"}
{"level":"info","message":"Intento de inicio de sesión desde IP: ::1, clientId: 1e5b6dba-1748-4c2e-896b-d0cedfae5aee"}
{"level":"info","message":"Usuario 17 inició sesión desde IP: ::1 y clienteId: 1e5b6dba-1748-4c2e-896b-d0cedfae5aee"}
{"level":"info","message":"Intento de inicio de sesión desde IP: ::1, clientId: 9953040a-189c-4944-87a1-b81622387f5f"}
{"level":"info","message":"Usuario 18 inició sesión desde IP: ::1 y clienteId: 9953040a-189c-4944-87a1-b81622387f5f"}
{"level":"info","message":"Intento de inicio de sesión desde IP: ::1, clientId: 864a9d3c-3dc7-4eb3-9827-eaba154388b3"}
{"level":"info","message":"Usuario 17 inició sesión desde IP: ::1 y clienteId: 864a9d3c-3dc7-4eb3-9827-eaba154388b3"}
{"level":"info","message":"Intento de inicio de sesión desde IP: ::1, clientId: 864a9d3c-3dc7-4eb3-9827-eaba154388b3"}
{"level":"info","message":"Usuario 17 inició sesión desde IP: ::1 y clienteId: 864a9d3c-3dc7-4eb3-9827-eaba154388b3"}
{"level":"info","message":"Intento de inicio de sesión desde IP: ::1, clientId: 864a9d3c-3dc7-4eb3-9827-eaba154388b3"}
{"level":"info","message":"Usuario 17 inició sesión desde IP: ::1 y clienteId: 864a9d3c-3dc7-4eb3-9827-eaba154388b3"}
{"level":"info","message":"Intento de inicio de sesión desde IP: ::1, clientId: 864a9d3c-3dc7-4eb3-9827-eaba154388b3"}
{"level":"warn","message":"Intento fallido desde IP: ::1 y clientId: 864a9d3c-3dc7-4eb3-9827-eaba154388b3"}
{"level":"info","message":"Intento de inicio de sesión desde IP: ::1, clientId: 864a9d3c-3dc7-4eb3-9827-eaba154388b3"}
{"level":"info","message":"Usuario 17 inició sesión desde IP: ::1 y clienteId: 864a9d3c-3dc7-4eb3-9827-eaba154388b3"}
{"level":"info","message":"Intento de inicio de sesión desde IP: ::1, clientId: 864a9d3c-3dc7-4eb3-9827-eaba154388b3"}
{"level":"warn","message":"Intento fallido desde IP: ::1 y clientId: 864a9d3c-3dc7-4eb3-9827-eaba154388b3"}
{"level":"info","message":"Intento de inicio de sesión desde IP: ::1, clientId: 864a9d3c-3dc7-4eb3-9827-eaba154388b3"}
{"level":"info","message":"Usuario 17 inició sesión desde IP: ::1 y clienteId: 864a9d3c-3dc7-4eb3-9827-eaba154388b3"}
{"level":"info","message":"Intento de inicio de sesión desde IP: ::1, clientId: 864a9d3c-3dc7-4eb3-9827-eaba154388b3"}
{"level":"warn","message":"Intento fallido desde IP: ::1 y clientId: 864a9d3c-3dc7-4eb3-9827-eaba154388b3"}
{"level":"info","message":"Intento de inicio de sesión desde IP: ::1, clientId: 864a9d3c-3dc7-4eb3-9827-eaba154388b3"}
{"level":"info","message":"Usuario 17 inició sesión desde IP: ::1 y clienteId: 864a9d3c-3dc7-4eb3-9827-eaba154388b3"}
{"level":"info","message":"Intento de inicio de sesión desde IP: ::1, clientId: 864a9d3c-3dc7-4eb3-9827-eaba154388b3"}
{"level":"warn","message":"Intento fallido desde IP: ::1 y clientId: 864a9d3c-3dc7-4eb3-9827-eaba154388b3"}
{"level":"info","message":"Intento de inicio de sesión desde IP: ::1, clientId: 864a9d3c-3dc7-4eb3-9827-eaba154388b3"}
{"level":"info","message":"Usuario 17 inició sesión desde IP: ::1 y clienteId: 864a9d3c-3dc7-4eb3-9827-eaba154388b3"}
{"level":"info","message":"Intento de inicio de sesión desde IP: ::1, clientId: 864a9d3c-3dc7-4eb3-9827-eaba154388b3"}
{"level":"warn","message":"Intento fallido desde IP: ::1 y clientId: 864a9d3c-3dc7-4eb3-9827-eaba154388b3"}
{"level":"info","message":"Intento de inicio de sesión desde IP: ::1, clientId: 864a9d3c-3dc7-4eb3-9827-eaba154388b3"}
{"level":"info","message":"Usuario 17 inició sesión desde IP: ::1 y clienteId: 864a9d3c-3dc7-4eb3-9827-eaba154388b3"}
{"level":"info","message":"Intento de inicio de sesión desde IP: ::1, clientId: 864a9d3c-3dc7-4eb3-9827-eaba154388b3"}
{"level":"info","message":"Usuario 17 inició sesión desde IP: ::1 y clienteId: 864a9d3c-3dc7-4eb3-9827-eaba154388b3"}
{"level":"info","message":"Intento de inicio de sesión desde IP: ::1, clientId: 1e5b6dba-1748-4c2e-896b-d0cedfae5aee"}
{"level":"warn","message":"Intento fallido desde IP: ::1 y clientId: 1e5b6dba-1748-4c2e-896b-d0cedfae5aee"}
{"level":"info","message":"Intento de inicio de sesión desde IP: ::1, clientId: 1e5b6dba-1748-4c2e-896b-d0cedfae5aee"}
{"level":"info","message":"Usuario 17 inició sesión desde IP: ::1 y clienteId: 1e5b6dba-1748-4c2e-896b-d0cedfae5aee"}
{"level":"info","message":"Intento de inicio de sesión desde IP: ::1, clientId: 1e5b6dba-1748-4c2e-896b-d0cedfae5aee"}
{"level":"warn","message":"Intento fallido desde IP: ::1 y clientId: 1e5b6dba-1748-4c2e-896b-d0cedfae5aee"}
{"level":"info","message":"Intento de inicio de sesión desde IP: ::1, clientId: 1e5b6dba-1748-4c2e-896b-d0cedfae5aee"}
{"level":"info","message":"Usuario 17 inició sesión desde IP: ::1 y clienteId: 1e5b6dba-1748-4c2e-896b-d0cedfae5aee"}
{"level":"info","message":"Intento de inicio de sesión desde IP: ::1, clientId: 864a9d3c-3dc7-4eb3-9827-eaba154388b3"}
{"level":"info","message":"Usuario 17 inició sesión desde IP: ::1 y clienteId: 864a9d3c-3dc7-4eb3-9827-eaba154388b3"}
{"level":"info","message":"Intento de inicio de sesión desde IP: ::1, clientId: 1e5b6dba-1748-4c2e-896b-d0cedfae5aee"}
{"level":"warn","message":"Intento fallido desde IP: ::1 y clientId: 1e5b6dba-1748-4c2e-896b-d0cedfae5aee"}
{"level":"info","message":"Intento de inicio de sesión desde IP: ::1, clientId: 1e5b6dba-1748-4c2e-896b-d0cedfae5aee"}
{"level":"info","message":"Usuario 17 inició sesión desde IP: ::1 y clienteId: 1e5b6dba-1748-4c2e-896b-d0cedfae5aee"}
{"level":"info","message":"Intento de inicio de sesión desde IP: ::1, clientId: 1e5b6dba-1748-4c2e-896b-d0cedfae5aee"}
{"level":"warn","message":"Intento fallido desde IP: ::1 y clientId: 1e5b6dba-1748-4c2e-896b-d0cedfae5aee"}
{"level":"info","message":"Intento de inicio de sesión desde IP: ::1, clientId: 1e5b6dba-1748-4c2e-896b-d0cedfae5aee"}
{"level":"info","message":"Usuario 17 inició sesión desde IP: ::1 y clienteId: 1e5b6dba-1748-4c2e-896b-d0cedfae5aee"}
{"level":"info","message":"Intento de inicio de sesión desde IP: ::1, clientId: 864a9d3c-3dc7-4eb3-9827-eaba154388b3"}
{"level":"warn","message":"Intento fallido desde IP: ::1 y clientId: 864a9d3c-3dc7-4eb3-9827-eaba154388b3"}
{"level":"info","message":"Intento de inicio de sesión desde IP: ::1, clientId: 864a9d3c-3dc7-4eb3-9827-eaba154388b3"}
{"level":"info","message":"Usuario 17 inició sesión desde IP: ::1 y clienteId: 864a9d3c-3dc7-4eb3-9827-eaba154388b3"}
{"level":"info","message":"Intento de inicio de sesión desde IP: ::1, clientId: 864a9d3c-3dc7-4eb3-9827-eaba154388b3"}
{"level":"warn","message":"Intento fallido desde IP: ::1 y clientId: 864a9d3c-3dc7-4eb3-9827-eaba154388b3"}
{"level":"info","message":"Intento de inicio de sesión desde IP: ::1, clientId: 864a9d3c-3dc7-4eb3-9827-eaba154388b3"}
{"level":"info","message":"Usuario 17 inició sesión desde IP: ::1 y clienteId: 864a9d3c-3dc7-4eb3-9827-eaba154388b3"}
{"level":"info","message":"Intento de inicio de sesión desde IP: ::1, clientId: 864a9d3c-3dc7-4eb3-9827-eaba154388b3"}
{"level":"info","message":"Usuario 17 inició sesión desde IP: ::1 y clienteId: 864a9d3c-3dc7-4eb3-9827-eaba154388b3"}
{"level":"info","message":"Intento de inicio de sesión desde IP: ::1, clientId: 864a9d3c-3dc7-4eb3-9827-eaba154388b3"}
{"level":"info","message":"Usuario 17 inició sesión desde IP: ::1 y clienteId: 864a9d3c-3dc7-4eb3-9827-eaba154388b3"}
{"level":"info","message":"Intento de inicio de sesión desde IP: ::1, clientId: 864a9d3c-3dc7-4eb3-9827-eaba154388b3"}
{"level":"info","message":"Usuario 17 inició sesión desde IP: ::1 y clienteId: 864a9d3c-3dc7-4eb3-9827-eaba154388b3"}
{"level":"info","message":"Intento de inicio de sesión desde IP: ::1, clientId: 864a9d3c-3dc7-4eb3-9827-eaba154388b3"}
{"level":"warn","message":"Intento fallido desde IP: ::1 y clientId: 864a9d3c-3dc7-4eb3-9827-eaba154388b3"}
{"level":"info","message":"Intento de inicio de sesión desde IP: ::1, clientId: 864a9d3c-3dc7-4eb3-9827-eaba154388b3"}
{"level":"info","message":"Usuario 17 inició sesión desde IP: ::1 y clienteId: 864a9d3c-3dc7-4eb3-9827-eaba154388b3"}
{"level":"info","message":"Intento de inicio de sesión desde IP: ::1, clientId: 864a9d3c-3dc7-4eb3-9827-eaba154388b3"}
{"level":"warn","message":"Intento fallido desde IP: ::1 y clientId: 864a9d3c-3dc7-4eb3-9827-eaba154388b3"}
{"level":"info","message":"Intento de inicio de sesión desde IP: ::1, clientId: 864a9d3c-3dc7-4eb3-9827-eaba154388b3"}
{"level":"info","message":"Usuario 17 inició sesión desde IP: ::1 y clienteId: 864a9d3c-3dc7-4eb3-9827-eaba154388b3"}
{"level":"info","message":"Intento de inicio de sesión desde IP: ::1, clientId: 1e5b6dba-1748-4c2e-896b-d0cedfae5aee"}
{"level":"info","message":"Usuario 17 inició sesión desde IP: ::1 y clienteId: 1e5b6dba-1748-4c2e-896b-d0cedfae5aee"}
{"level":"info","message":"Intento de inicio de sesión desde IP: ::1, clientId: 1e5b6dba-1748-4c2e-896b-d0cedfae5aee"}
{"level":"info","message":"Usuario 17 inició sesión desde IP: ::1 y clienteId: 1e5b6dba-1748-4c2e-896b-d0cedfae5aee"}
{"level":"info","message":"Intento de inicio de sesión desde IP: ::1, clientId: 1e5b6dba-1748-4c2e-896b-d0cedfae5aee"}
{"level":"warn","message":"Intento fallido desde IP: ::1 y clientId: 1e5b6dba-1748-4c2e-896b-d0cedfae5aee"}
{"level":"info","message":"Intento de inicio de sesión desde IP: ::1, clientId: 1e5b6dba-1748-4c2e-896b-d0cedfae5aee"}
{"level":"info","message":"Usuario 17 inició sesión desde IP: ::1 y clienteId: 1e5b6dba-1748-4c2e-896b-d0cedfae5aee"}
{"level":"info","message":"Intento de inicio de sesión desde IP: ::1, clientId: 1e5b6dba-1748-4c2e-896b-d0cedfae5aee"}
{"level":"warn","message":"Intento fallido desde IP: ::1 y clientId: 1e5b6dba-1748-4c2e-896b-d0cedfae5aee"}
{"level":"info","message":"Intento de inicio de sesión desde IP: ::1, clientId: 1e5b6dba-1748-4c2e-896b-d0cedfae5aee"}
{"level":"info","message":"Usuario 17 inició sesión desde IP: ::1 y clienteId: 1e5b6dba-1748-4c2e-896b-d0cedfae5aee"}
{"level":"info","message":"Intento de inicio de sesión desde IP: ::1, clientId: 864a9d3c-3dc7-4eb3-9827-eaba154388b3"}
{"level":"warn","message":"Intento fallido desde IP: ::1 y clientId: 864a9d3c-3dc7-4eb3-9827-eaba154388b3"}
{"level":"info","message":"Intento de inicio de sesión desde IP: ::1, clientId: 864a9d3c-3dc7-4eb3-9827-eaba154388b3"}
{"level":"info","message":"Usuario 17 inició sesión desde IP: ::1 y clienteId: 864a9d3c-3dc7-4eb3-9827-eaba154388b3"}
{"level":"info","message":"Intento de inicio de sesión desde IP: ::1, clientId: 864a9d3c-3dc7-4eb3-9827-eaba154388b3"}
{"level":"info","message":"Usuario 17 inició sesión desde IP: ::1 y clienteId: 864a9d3c-3dc7-4eb3-9827-eaba154388b3"}
{"level":"info","message":"Intento de inicio de sesión desde IP: ::1, clientId: 864a9d3c-3dc7-4eb3-9827-eaba154388b3"}
{"level":"warn","message":"Intento fallido desde IP: ::1 y clientId: 864a9d3c-3dc7-4eb3-9827-eaba154388b3"}
{"level":"info","message":"Intento de inicio de sesión desde IP: ::1, clientId: 864a9d3c-3dc7-4eb3-9827-eaba154388b3"}
{"level":"info","message":"Usuario 17 inició sesión desde IP: ::1 y clienteId: 864a9d3c-3dc7-4eb3-9827-eaba154388b3"}
{"level":"info","message":"Intento de inicio de sesión desde IP: ::1, clientId: 864a9d3c-3dc7-4eb3-9827-eaba154388b3"}
{"level":"info","message":"Usuario 17 inició sesión desde IP: ::1 y clienteId: 864a9d3c-3dc7-4eb3-9827-eaba154388b3"}
{"level":"info","message":"Intento de inicio de sesión desde IP: ::1, clientId: 1e5b6dba-1748-4c2e-896b-d0cedfae5aee"}
{"level":"info","message":"Usuario 17 inició sesión desde IP: ::1 y clienteId: 1e5b6dba-1748-4c2e-896b-d0cedfae5aee"}
{"level":"info","message":"Intento de inicio de sesión desde IP: ::1, clientId: 864a9d3c-3dc7-4eb3-9827-eaba154388b3"}
{"level":"warn","message":"Intento fallido desde IP: ::1 y clientId: 864a9d3c-3dc7-4eb3-9827-eaba154388b3"}
{"level":"info","message":"Intento de inicio de sesión desde IP: ::1, clientId: 864a9d3c-3dc7-4eb3-9827-eaba154388b3"}
{"level":"warn","message":"Intento fallido desde IP: ::1 y clientId: 864a9d3c-3dc7-4eb3-9827-eaba154388b3"}
{"level":"info","message":"Intento de inicio de sesión desde IP: ::1, clientId: 864a9d3c-3dc7-4eb3-9827-eaba154388b3"}
{"level":"info","message":"Usuario 16 inició sesión desde IP: ::1 y clienteId: 864a9d3c-3dc7-4eb3-9827-eaba154388b3"}
{"level":"info","message":"Intento de inicio de sesión desde IP: ::1, clientId: 864a9d3c-3dc7-4eb3-9827-eaba154388b3"}
{"level":"info","message":"Usuario 16 inició sesión desde IP: ::1 y clienteId: 864a9d3c-3dc7-4eb3-9827-eaba154388b3"}
{"level":"info","message":"Intento de inicio de sesión desde IP: ::1, clientId: 864a9d3c-3dc7-4eb3-9827-eaba154388b3"}
{"level":"info","message":"Usuario 16 inició sesión desde IP: ::1 y clienteId: 864a9d3c-3dc7-4eb3-9827-eaba154388b3"}
{"level":"info","message":"Intento de inicio de sesión desde IP: ::1, clientId: 864a9d3c-3dc7-4eb3-9827-eaba154388b3"}
{"level":"info","message":"Usuario 16 inició sesión desde IP: ::1 y clienteId: 864a9d3c-3dc7-4eb3-9827-eaba154388b3"}
{"level":"info","message":"Intento de inicio de sesión desde IP: ::1, clientId: 864a9d3c-3dc7-4eb3-9827-eaba154388b3"}
{"level":"info","message":"Usuario 16 inició sesión desde IP: ::1 y clienteId: 864a9d3c-3dc7-4eb3-9827-eaba154388b3"}
{"level":"info","message":"Intento de inicio de sesión desde IP: ::1, clientId: 864a9d3c-3dc7-4eb3-9827-eaba154388b3"}
{"level":"info","message":"Usuario 16 inició sesión desde IP: ::1 y clienteId: 864a9d3c-3dc7-4eb3-9827-eaba154388b3"}
{"level":"info","message":"Intento de inicio de sesión desde IP: ::1, clientId: 864a9d3c-3dc7-4eb3-9827-eaba154388b3"}
{"level":"info","message":"Usuario 16 inició sesión desde IP: ::1 y clienteId: 864a9d3c-3dc7-4eb3-9827-eaba154388b3"}
{"level":"info","message":"Intento de inicio de sesión desde IP: ::1, clientId: 864a9d3c-3dc7-4eb3-9827-eaba154388b3"}
{"level":"info","message":"Usuario 16 inició sesión desde IP: ::1 y clienteId: 864a9d3c-3dc7-4eb3-9827-eaba154388b3"}
{"level":"info","message":"Intento de inicio de sesión desde IP: ::1, clientId: 864a9d3c-3dc7-4eb3-9827-eaba154388b3"}
{"level":"info","message":"Usuario 16 inició sesión desde IP: ::1 y clienteId: 864a9d3c-3dc7-4eb3-9827-eaba154388b3"}
{"level":"info","message":"Intento de inicio de sesión desde IP: ::1, clientId: 864a9d3c-3dc7-4eb3-9827-eaba154388b3"}
{"level":"warn","message":"Intento fallido desde IP: ::1 y clientId: 864a9d3c-3dc7-4eb3-9827-eaba154388b3"}
{"level":"info","message":"Intento de inicio de sesión desde IP: ::1, clientId: 864a9d3c-3dc7-4eb3-9827-eaba154388b3"}
{"level":"info","message":"Usuario 16 inició sesión desde IP: ::1 y clienteId: 864a9d3c-3dc7-4eb3-9827-eaba154388b3"}
{"level":"info","message":"Intento de inicio de sesión desde IP: ::1, clientId: 864a9d3c-3dc7-4eb3-9827-eaba154388b3"}
{"level":"info","message":"Intento de inicio de sesión desde IP: ::1, clientId: 864a9d3c-3dc7-4eb3-9827-eaba154388b3"}
{"level":"warn","message":"Intento fallido desde IP: ::1 y clientId: 864a9d3c-3dc7-4eb3-9827-eaba154388b3"}
{"level":"info","message":"Intento de inicio de sesión desde IP: ::1, clientId: 864a9d3c-3dc7-4eb3-9827-eaba154388b3"}
{"level":"warn","message":"Intento fallido desde IP: ::1 y clientId: 864a9d3c-3dc7-4eb3-9827-eaba154388b3"}
{"level":"info","message":"Intento de inicio de sesión desde IP: ::1, clientId: 864a9d3c-3dc7-4eb3-9827-eaba154388b3"}
{"level":"warn","message":"Intento fallido desde IP: ::1 y clientId: 864a9d3c-3dc7-4eb3-9827-eaba154388b3"}
{"level":"info","message":"Intento de inicio de sesión desde IP: ::1, clientId: 864a9d3c-3dc7-4eb3-9827-eaba154388b3"}
{"level":"warn","message":"Intento fallido desde IP: ::1 y clientId: 864a9d3c-3dc7-4eb3-9827-eaba154388b3"}
{"level":"info","message":"Intento de inicio de sesión desde IP: ::1, clientId: 864a9d3c-3dc7-4eb3-9827-eaba154388b3"}
{"level":"info","message":"Usuario 16 inició sesión desde IP: ::1 y clienteId: 864a9d3c-3dc7-4eb3-9827-eaba154388b3"}
{"level":"info","message":"Intento de inicio de sesión desde IP: ::1, clientId: 864a9d3c-3dc7-4eb3-9827-eaba154388b3"}
{"level":"warn","message":"Intento fallido desde IP: ::1 y clientId: 864a9d3c-3dc7-4eb3-9827-eaba154388b3"}
{"level":"info","message":"Intento de inicio de sesión desde IP: ::1, clientId: 864a9d3c-3dc7-4eb3-9827-eaba154388b3"}
{"level":"warn","message":"Intento fallido desde IP: ::1 y clientId: 864a9d3c-3dc7-4eb3-9827-eaba154388b3"}
{"level":"info","message":"Intento de inicio de sesión desde IP: ::1, clientId: 864a9d3c-3dc7-4eb3-9827-eaba154388b3"}
{"level":"warn","message":"Intento fallido desde IP: ::1 y clientId: 864a9d3c-3dc7-4eb3-9827-eaba154388b3"}
{"level":"info","message":"Intento de inicio de sesión desde IP: ::1, clientId: 864a9d3c-3dc7-4eb3-9827-eaba154388b3"}
{"level":"warn","message":"Intento fallido desde IP: ::1, clientId: 864a9d3c-3dc7-4eb3-9827-eaba154388b3, usuarioId: 16"}
{"level":"warn","message":"Intento fallido desde IP: ::1, clientId: 864a9d3c-3dc7-4eb3-9827-eaba154388b3, usuarioId: 16"}
{"level":"warn","message":"Intento fallido desde IP: ::1, clientId: 864a9d3c-3dc7-4eb3-9827-eaba154388b3, usuarioId: 16"}
{"level":"warn","message":"Intento fallido desde IP: ::1, clientId: 864a9d3c-3dc7-4eb3-9827-eaba154388b3, usuarioId: null"}
{"level":"warn","message":"Intento fallido desde IP: ::1, clientId: 864a9d3c-3dc7-4eb3-9827-eaba154388b3, usuarioId: null"}
{"level":"warn","message":"Intento fallido desde IP: ::1, clientId: 864a9d3c-3dc7-4eb3-9827-eaba154388b3, usuarioId: null"}
{"level":"warn","message":"Intento fallido desde IP: ::1, clientId: 864a9d3c-3dc7-4eb3-9827-eaba154388b3, usuarioId: null"}
{"level":"warn","message":"Intento fallido desde IP: ::1, clientId: 864a9d3c-3dc7-4eb3-9827-eaba154388b3, usuarioId: null"}
{"level":"warn","message":"Intento fallido desde IP: ::1, clientId: 864a9d3c-3dc7-4eb3-9827-eaba154388b3, usuarioId: null"}
{"level":"warn","message":"Intento fallido desde IP: ::1, clientId: 864a9d3c-3dc7-4eb3-9827-eaba154388b3, usuarioId: null"}
{"level":"warn","message":"Intento fallido desde IP: ::1, clientId: 864a9d3c-3dc7-4eb3-9827-eaba154388b3, usuarioId: null"}
{"level":"warn","message":"Intento fallido desde IP: ::1, clientId: 864a9d3c-3dc7-4eb3-9827-eaba154388b3, usuarioId: null"}
{"level":"warn","message":"Intento fallido desde IP: ::1, clientId: 864a9d3c-3dc7-4eb3-9827-eaba154388b3, usuarioId: null"}
{"level":"warn","message":"Intento fallido desde IP: ::1, clientId: 864a9d3c-3dc7-4eb3-9827-eaba154388b3, usuarioId: null"}
{"level":"warn","message":"Intento fallido desde IP: ::1, clientId: 864a9d3c-3dc7-4eb3-9827-eaba154388b3, usuarioId: null"}
{"level":"warn","message":"Intento fallido desde IP: ::1, clientId: 864a9d3c-3dc7-4eb3-9827-eaba154388b3, usuarioId: null"}
{"level":"warn","message":"Intento fallido desde IP: ::1, clientId: 864a9d3c-3dc7-4eb3-9827-eaba154388b3, usuarioId: null"}
{"level":"warn","message":"Intento fallido desde IP: ::1, clientId: 864a9d3c-3dc7-4eb3-9827-eaba154388b3, usuarioId: null"}
{"level":"warn","message":"Intento fallido desde IP: ::1, clientId: 864a9d3c-3dc7-4eb3-9827-eaba154388b3, usuarioId: null"}
{"level":"warn","message":"Intento fallido desde IP: ::1, clientId: 864a9d3c-3dc7-4eb3-9827-eaba154388b3, usuarioId: null"}
{"level":"warn","message":"Intento fallido desde IP: ::1, clientId: 864a9d3c-3dc7-4eb3-9827-eaba154388b3, usuarioId: null"}
{"level":"warn","message":"Intento fallido desde IP: ::1, clientId: 864a9d3c-3dc7-4eb3-9827-eaba154388b3, usuarioId: null"}
{"level":"warn","message":"Intento fallido desde IP: ::1, clientId: 864a9d3c-3dc7-4eb3-9827-eaba154388b3, usuarioId: null"}
{"level":"warn","message":"Intento fallido desde IP: ::1, clientId: 864a9d3c-3dc7-4eb3-9827-eaba154388b3, usuarioId: null"}
{"level":"warn","message":"Intento fallido desde IP: ::1, clientId: 864a9d3c-3dc7-4eb3-9827-eaba154388b3, usuarioId: null"}
{"level":"warn","message":"Intento fallido desde IP: ::1, clientId: 864a9d3c-3dc7-4eb3-9827-eaba154388b3, usuarioId: null"}
{"level":"warn","message":"Intento fallido desde IP: ::1, clientId: 864a9d3c-3dc7-4eb3-9827-eaba154388b3, usuarioId: null"}
{"level":"warn","message":"Intento fallido desde IP: ::1, clientId: 864a9d3c-3dc7-4eb3-9827-eaba154388b3, usuarioId: null"}
{"level":"warn","message":"Intento fallido desde IP: ::1, clientId: 864a9d3c-3dc7-4eb3-9827-eaba154388b3, usuarioId: null"}
{"level":"warn","message":"Intento fallido desde IP: ::1, clientId: 864a9d3c-3dc7-4eb3-9827-eaba154388b3, usuarioId: 16"}
{"level":"warn","message":"Intento fallido desde IP: ::1, clientId: 864a9d3c-3dc7-4eb3-9827-eaba154388b3, usuarioId: 16"}
{"level":"warn","message":"Intento fallido desde IP: ::1, clientId: 864a9d3c-3dc7-4eb3-9827-eaba154388b3, usuarioId: 16"}
{"level":"warn","message":"Intento fallido desde IP: ::1, clientId: 864a9d3c-3dc7-4eb3-9827-eaba154388b3, usuarioId: 16"}
{"level":"info","message":"Intento de inicio de sesión desde IP: ::1, clientId: 864a9d3c-3dc7-4eb3-9827-eaba154388b3"}
{"level":"info","message":"Intento de inicio de sesión desde IP: ::1, clientId: 864a9d3c-3dc7-4eb3-9827-eaba154388b3"}
{"level":"info","message":"Usuario 16 inició sesión desde IP: ::1 y clienteId: 864a9d3c-3dc7-4eb3-9827-eaba154388b3"}
{"level":"info","message":"Intento de inicio de sesión desde IP: ::1, clientId: 864a9d3c-3dc7-4eb3-9827-eaba154388b3"}
{"level":"info","message":"Usuario 16 inició sesión desde IP: ::1 y clienteId: 864a9d3c-3dc7-4eb3-9827-eaba154388b3"}
{"level":"info","message":"Intento de inicio de sesión desde IP: ::1, clientId: 864a9d3c-3dc7-4eb3-9827-eaba154388b3"}
{"level":"warn","message":"Intento fallido desde IP: ::1 y clientId: 864a9d3c-3dc7-4eb3-9827-eaba154388b3"}
{"level":"info","message":"Intento de inicio de sesión desde IP: ::1, clientId: 864a9d3c-3dc7-4eb3-9827-eaba154388b3"}
{"level":"warn","message":"Intento fallido desde IP: ::1 y clientId: 864a9d3c-3dc7-4eb3-9827-eaba154388b3"}
{"level":"info","message":"Intento de inicio de sesión desde IP: ::1, clientId: 864a9d3c-3dc7-4eb3-9827-eaba154388b3"}
{"level":"warn","message":"Intento fallido desde IP: ::1 y clientId: 864a9d3c-3dc7-4eb3-9827-eaba154388b3"}
{"level":"info","message":"Intento de inicio de sesión desde IP: ::1, clientId: 864a9d3c-3dc7-4eb3-9827-eaba154388b3"}
{"level":"warn","message":"Intento fallido desde IP: ::1 y clientId: 864a9d3c-3dc7-4eb3-9827-eaba154388b3"}
{"level":"info","message":"Intento de inicio de sesión desde IP: ::1, clientId: 864a9d3c-3dc7-4eb3-9827-eaba154388b3"}
{"level":"warn","message":"Intento fallido desde IP: ::1 y clientId: 864a9d3c-3dc7-4eb3-9827-eaba154388b3"}
{"level":"info","message":"Intento de inicio de sesión desde IP: ::1, clientId: 864a9d3c-3dc7-4eb3-9827-eaba154388b3"}
{"level":"warn","message":"Intento fallido desde IP: ::1 y clientId: 864a9d3c-3dc7-4eb3-9827-eaba154388b3"}
{"level":"info","message":"Intento de inicio de sesión desde IP: ::1, clientId: 864a9d3c-3dc7-4eb3-9827-eaba154388b3"}
{"level":"warn","message":"Intento fallido desde IP: ::1 y clientId: 864a9d3c-3dc7-4eb3-9827-eaba154388b3"}
{"level":"info","message":"Intento de inicio de sesión desde IP: ::1, clientId: 864a9d3c-3dc7-4eb3-9827-eaba154388b3"}
{"level":"warn","message":"Intento fallido desde IP: ::1 y clientId: 864a9d3c-3dc7-4eb3-9827-eaba154388b3"}
{"level":"info","message":"Intento de inicio de sesión desde IP: ::1, clientId: 864a9d3c-3dc7-4eb3-9827-eaba154388b3"}
{"level":"warn","message":"Intento fallido desde IP: ::1 y clientId: 864a9d3c-3dc7-4eb3-9827-eaba154388b3"}
{"level":"info","message":"Intento de inicio de sesión desde IP: ::1, clientId: 864a9d3c-3dc7-4eb3-9827-eaba154388b3"}
{"level":"warn","message":"Intento fallido desde IP: ::1 y clientId: 864a9d3c-3dc7-4eb3-9827-eaba154388b3"}
{"level":"info","message":"Intento de inicio de sesión desde IP: ::1, clientId: 864a9d3c-3dc7-4eb3-9827-eaba154388b3"}
{"level":"warn","message":"Intento fallido desde IP: ::1 y clientId: 864a9d3c-3dc7-4eb3-9827-eaba154388b3"}
{"level":"info","message":"Intento de inicio de sesión desde IP: ::1, clientId: 864a9d3c-3dc7-4eb3-9827-eaba154388b3"}
{"level":"warn","message":"Intento fallido desde IP: ::1 y clientId: 864a9d3c-3dc7-4eb3-9827-eaba154388b3"}
{"level":"info","message":"Intento de inicio de sesión desde IP: ::1, clientId: 864a9d3c-3dc7-4eb3-9827-eaba154388b3"}
{"level":"warn","message":"Intento fallido desde IP: ::1 y clientId: 864a9d3c-3dc7-4eb3-9827-eaba154388b3"}
{"level":"info","message":"Intento de inicio de sesión desde IP: ::1, clientId: 864a9d3c-3dc7-4eb3-9827-eaba154388b3"}
{"level":"warn","message":"Intento fallido desde IP: ::1 y clientId: 864a9d3c-3dc7-4eb3-9827-eaba154388b3"}
{"level":"info","message":"Intento de inicio de sesión desde IP: ::1, clientId: 864a9d3c-3dc7-4eb3-9827-eaba154388b3"}
{"level":"warn","message":"Intento fallido desde IP: ::1 y clientId: 864a9d3c-3dc7-4eb3-9827-eaba154388b3"}
{"level":"info","message":"Intento de inicio de sesión desde IP: ::1, clientId: 864a9d3c-3dc7-4eb3-9827-eaba154388b3"}
{"level":"warn","message":"Intento fallido desde IP: ::1 y clientId: 864a9d3c-3dc7-4eb3-9827-eaba154388b3"}
{"level":"info","message":"Intento de inicio de sesión desde IP: ::1, clientId: 864a9d3c-3dc7-4eb3-9827-eaba154388b3"}
{"level":"warn","message":"Intento fallido desde IP: ::1 y clientId: 864a9d3c-3dc7-4eb3-9827-eaba154388b3"}
{"level":"info","message":"Intento de inicio de sesión desde IP: ::1, clientId: 864a9d3c-3dc7-4eb3-9827-eaba154388b3"}
{"level":"warn","message":"Intento fallido desde IP: ::1 y clientId: 864a9d3c-3dc7-4eb3-9827-eaba154388b3"}
{"level":"info","message":"Intento de inicio de sesión desde IP: ::1, clientId: 864a9d3c-3dc7-4eb3-9827-eaba154388b3"}
{"level":"warn","message":"Intento fallido desde IP: ::1 y clientId: 864a9d3c-3dc7-4eb3-9827-eaba154388b3"}
{"level":"info","message":"Intento de inicio de sesión desde IP: ::1, clientId: 864a9d3c-3dc7-4eb3-9827-eaba154388b3"}
{"level":"warn","message":"Intento fallido desde IP: ::1 y clientId: 864a9d3c-3dc7-4eb3-9827-eaba154388b3"}
{"level":"info","message":"Intento de inicio de sesión desde IP: ::1, clientId: 864a9d3c-3dc7-4eb3-9827-eaba154388b3"}
{"level":"warn","message":"Intento fallido desde IP: ::1 y clientId: 864a9d3c-3dc7-4eb3-9827-eaba154388b3"}
{"level":"info","message":"Intento de inicio de sesión desde IP: ::1, clientId: 864a9d3c-3dc7-4eb3-9827-eaba154388b3"}
{"level":"warn","message":"Intento fallido desde IP: ::1 y clientId: 864a9d3c-3dc7-4eb3-9827-eaba154388b3"}
{"level":"info","message":"Intento de inicio de sesión desde IP: ::1, clientId: 864a9d3c-3dc7-4eb3-9827-eaba154388b3"}
{"level":"warn","message":"Intento fallido desde IP: ::1 y clientId: 864a9d3c-3dc7-4eb3-9827-eaba154388b3"}
{"level":"info","message":"Intento de inicio de sesión desde IP: ::1, clientId: 864a9d3c-3dc7-4eb3-9827-eaba154388b3"}
{"level":"warn","message":"Intento fallido desde IP: ::1 y clientId: 864a9d3c-3dc7-4eb3-9827-eaba154388b3"}
{"level":"info","message":"Intento de inicio de sesión desde IP: ::1, clientId: 864a9d3c-3dc7-4eb3-9827-eaba154388b3"}
{"level":"warn","message":"Intento fallido desde IP: ::1 y clientId: 864a9d3c-3dc7-4eb3-9827-eaba154388b3"}
{"level":"info","message":"Intento de inicio de sesión desde IP: ::1, clientId: 864a9d3c-3dc7-4eb3-9827-eaba154388b3"}
{"level":"warn","message":"Intento fallido desde IP: ::1 y clientId: 864a9d3c-3dc7-4eb3-9827-eaba154388b3"}
{"level":"info","message":"Intento de inicio de sesión desde IP: ::1, clientId: 864a9d3c-3dc7-4eb3-9827-eaba154388b3"}
{"level":"info","message":"Usuario 16 inició sesión desde IP: ::1 y clienteId: 864a9d3c-3dc7-4eb3-9827-eaba154388b3"}
{"level":"info","message":"Intento de inicio de sesión desde IP: ::1, clientId: 864a9d3c-3dc7-4eb3-9827-eaba154388b3"}
{"level":"warn","message":"Intento fallido desde IP: ::1 y clientId: 864a9d3c-3dc7-4eb3-9827-eaba154388b3"}
{"level":"info","message":"Intento de inicio de sesión desde IP: ::1, clientId: 864a9d3c-3dc7-4eb3-9827-eaba154388b3"}
{"level":"warn","message":"Intento fallido desde IP: ::1 y clientId: 864a9d3c-3dc7-4eb3-9827-eaba154388b3"}
{"level":"info","message":"Intento de inicio de sesión desde IP: ::1, clientId: 864a9d3c-3dc7-4eb3-9827-eaba154388b3"}
{"level":"warn","message":"Intento fallido desde IP: ::1 y clientId: 864a9d3c-3dc7-4eb3-9827-eaba154388b3"}
{"level":"info","message":"Intento de inicio de sesión desde IP: ::1, clientId: 864a9d3c-3dc7-4eb3-9827-eaba154388b3"}
{"level":"warn","message":"Intento fallido desde IP: ::1 y clientId: 864a9d3c-3dc7-4eb3-9827-eaba154388b3"}
{"level":"info","message":"Intento de inicio de sesión desde IP: ::1, clientId: 864a9d3c-3dc7-4eb3-9827-eaba154388b3"}
{"level":"warn","message":"Intento fallido desde IP: ::1 y clientId: 864a9d3c-3dc7-4eb3-9827-eaba154388b3"}
{"level":"info","message":"Intento de inicio de sesión desde IP: ::1, clientId: 864a9d3c-3dc7-4eb3-9827-eaba154388b3"}
{"level":"warn","message":"Intento fallido desde IP: ::1 y clientId: 864a9d3c-3dc7-4eb3-9827-eaba154388b3"}
{"level":"info","message":"Intento de inicio de sesión desde IP: ::1, clientId: 864a9d3c-3dc7-4eb3-9827-eaba154388b3"}
{"level":"warn","message":"Intento fallido desde IP: ::1 y clientId: 864a9d3c-3dc7-4eb3-9827-eaba154388b3"}
{"level":"info","message":"Intento de inicio de sesión desde IP: ::1, clientId: 864a9d3c-3dc7-4eb3-9827-eaba154388b3"}
{"level":"warn","message":"Intento fallido desde IP: ::1 y clientId: 864a9d3c-3dc7-4eb3-9827-eaba154388b3"}
{"level":"info","message":"Intento de inicio de sesión desde IP: ::1, clientId: 864a9d3c-3dc7-4eb3-9827-eaba154388b3"}
{"level":"warn","message":"Intento fallido desde IP: ::1 y clientId: 864a9d3c-3dc7-4eb3-9827-eaba154388b3"}
{"level":"info","message":"Intento de inicio de sesión desde IP: ::1, clientId: 864a9d3c-3dc7-4eb3-9827-eaba154388b3"}
{"level":"warn","message":"Intento fallido desde IP: ::1 y clientId: 864a9d3c-3dc7-4eb3-9827-eaba154388b3"}
{"level":"info","message":"Intento de inicio de sesión desde IP: ::1, clientId: 864a9d3c-3dc7-4eb3-9827-eaba154388b3"}
{"level":"warn","message":"Intento fallido desde IP: ::1 y clientId: 864a9d3c-3dc7-4eb3-9827-eaba154388b3"}
{"level":"info","message":"Intento de inicio de sesión desde IP: ::1, clientId: 864a9d3c-3dc7-4eb3-9827-eaba154388b3"}
{"level":"warn","message":"Intento fallido desde IP: ::1 y clientId: 864a9d3c-3dc7-4eb3-9827-eaba154388b3"}
{"level":"info","message":"Intento de inicio de sesión desde IP: ::1, clientId: 864a9d3c-3dc7-4eb3-9827-eaba154388b3"}
{"level":"warn","message":"Intento fallido desde IP: ::1 y clientId: 864a9d3c-3dc7-4eb3-9827-eaba154388b3"}
{"level":"info","message":"Intento de inicio de sesión desde IP: ::1, clientId: 864a9d3c-3dc7-4eb3-9827-eaba154388b3"}
{"level":"warn","message":"Intento fallido desde IP: ::1 y clientId: 864a9d3c-3dc7-4eb3-9827-eaba154388b3"}
{"level":"info","message":"Intento de inicio de sesión desde IP: ::1, clientId: 864a9d3c-3dc7-4eb3-9827-eaba154388b3"}
{"level":"warn","message":"Intento fallido desde IP: ::1 y clientId: 864a9d3c-3dc7-4eb3-9827-eaba154388b3"}
{"level":"info","message":"Intento de inicio de sesión desde IP: ::1, clientId: 864a9d3c-3dc7-4eb3-9827-eaba154388b3"}
{"level":"warn","message":"Intento fallido desde IP: ::1 y clientId: 864a9d3c-3dc7-4eb3-9827-eaba154388b3"}
{"level":"info","message":"Intento de inicio de sesión desde IP: ::1, clientId: 864a9d3c-3dc7-4eb3-9827-eaba154388b3"}
{"level":"warn","message":"Intento fallido desde IP: ::1 y clientId: 864a9d3c-3dc7-4eb3-9827-eaba154388b3"}
{"level":"info","message":"Intento de inicio de sesión desde IP: ::1, clientId: 864a9d3c-3dc7-4eb3-9827-eaba154388b3"}
{"level":"warn","message":"Intento fallido desde IP: ::1 y clientId: 864a9d3c-3dc7-4eb3-9827-eaba154388b3"}
{"level":"info","message":"Intento de inicio de sesión desde IP: ::1, clientId: 864a9d3c-3dc7-4eb3-9827-eaba154388b3"}
{"level":"warn","message":"Intento fallido desde IP: ::1 y clientId: 864a9d3c-3dc7-4eb3-9827-eaba154388b3"}
{"level":"info","message":"Intento de inicio de sesión desde IP: ::1, clientId: 864a9d3c-3dc7-4eb3-9827-eaba154388b3"}
{"level":"warn","message":"Intento fallido desde IP: ::1 y clientId: 864a9d3c-3dc7-4eb3-9827-eaba154388b3"}
{"level":"info","message":"Intento de inicio de sesión desde IP: ::1, clientId: 864a9d3c-3dc7-4eb3-9827-eaba154388b3"}
{"level":"warn","message":"Intento fallido desde IP: ::1 y clientId: 864a9d3c-3dc7-4eb3-9827-eaba154388b3"}
{"level":"info","message":"Intento de inicio de sesión desde IP: ::1, clientId: 864a9d3c-3dc7-4eb3-9827-eaba154388b3"}
{"level":"warn","message":"Intento fallido desde IP: ::1 y clientId: 864a9d3c-3dc7-4eb3-9827-eaba154388b3"}
{"level":"info","message":"Intento de inicio de sesión desde IP: ::1, clientId: 864a9d3c-3dc7-4eb3-9827-eaba154388b3"}
{"level":"warn","message":"Intento fallido desde IP: ::1 y clientId: 864a9d3c-3dc7-4eb3-9827-eaba154388b3"}
{"level":"info","message":"Intento de inicio de sesión desde IP: ::1, clientId: 864a9d3c-3dc7-4eb3-9827-eaba154388b3"}
{"level":"warn","message":"Intento fallido desde IP: ::1 y clientId: 864a9d3c-3dc7-4eb3-9827-eaba154388b3"}
{"level":"info","message":"Intento de inicio de sesión desde IP: ::1, clientId: 864a9d3c-3dc7-4eb3-9827-eaba154388b3"}
{"level":"warn","message":"Intento fallido desde IP: ::1 y clientId: 864a9d3c-3dc7-4eb3-9827-eaba154388b3"}
{"level":"info","message":"Intento de inicio de sesión desde IP: ::1, clientId: 864a9d3c-3dc7-4eb3-9827-eaba154388b3"}
{"level":"warn","message":"Intento fallido desde IP: ::1 y clientId: 864a9d3c-3dc7-4eb3-9827-eaba154388b3"}
{"level":"info","message":"Intento de inicio de sesión desde IP: ::1, clientId: 864a9d3c-3dc7-4eb3-9827-eaba154388b3"}
{"level":"warn","message":"Intento fallido desde IP: ::1 y clientId: 864a9d3c-3dc7-4eb3-9827-eaba154388b3"}
{"level":"info","message":"Intento de inicio de sesión desde IP: ::1, clientId: 864a9d3c-3dc7-4eb3-9827-eaba154388b3"}
{"level":"warn","message":"Intento fallido desde IP: ::1 y clientId: 864a9d3c-3dc7-4eb3-9827-eaba154388b3"}
{"level":"info","message":"Intento de inicio de sesión desde IP: ::1, clientId: 864a9d3c-3dc7-4eb3-9827-eaba154388b3"}
{"level":"warn","message":"Intento fallido desde IP: ::1 y clientId: 864a9d3c-3dc7-4eb3-9827-eaba154388b3"}
{"level":"info","message":"Intento de inicio de sesión desde IP: ::1, clientId: 864a9d3c-3dc7-4eb3-9827-eaba154388b3"}
{"level":"warn","message":"Intento fallido desde IP: ::1 y clientId: 864a9d3c-3dc7-4eb3-9827-eaba154388b3"}
{"level":"info","message":"Intento de inicio de sesión desde IP: ::1, clientId: 864a9d3c-3dc7-4eb3-9827-eaba154388b3"}
{"level":"warn","message":"Intento fallido desde IP: ::1 y clientId: 864a9d3c-3dc7-4eb3-9827-eaba154388b3"}
{"level":"info","message":"Intento de inicio de sesión desde IP: ::1, clientId: 864a9d3c-3dc7-4eb3-9827-eaba154388b3"}
{"level":"warn","message":"Intento fallido desde IP: ::1 y clientId: 864a9d3c-3dc7-4eb3-9827-eaba154388b3"}
{"level":"info","message":"Intento de inicio de sesión desde IP: ::1, clientId: 864a9d3c-3dc7-4eb3-9827-eaba154388b3"}
{"level":"warn","message":"Intento fallido desde IP: ::1 y clientId: 864a9d3c-3dc7-4eb3-9827-eaba154388b3"}
{"level":"info","message":"Intento de inicio de sesión desde IP: ::1, clientId: 864a9d3c-3dc7-4eb3-9827-eaba154388b3"}
{"level":"warn","message":"Intento fallido desde IP: ::1 y clientId: 864a9d3c-3dc7-4eb3-9827-eaba154388b3"}
{"level":"info","message":"Intento de inicio de sesión desde IP: ::1, clientId: 864a9d3c-3dc7-4eb3-9827-eaba154388b3"}
{"level":"warn","message":"Intento fallido desde IP: ::1 y clientId: 864a9d3c-3dc7-4eb3-9827-eaba154388b3"}
{"level":"info","message":"Intento de inicio de sesión desde IP: ::1, clientId: 864a9d3c-3dc7-4eb3-9827-eaba154388b3"}
{"level":"warn","message":"Intento fallido desde IP: ::1 y clientId: 864a9d3c-3dc7-4eb3-9827-eaba154388b3"}
{"level":"info","message":"Intento de inicio de sesión desde IP: ::1, clientId: 864a9d3c-3dc7-4eb3-9827-eaba154388b3"}
{"level":"warn","message":"Intento fallido desde IP: ::1 y clientId: 864a9d3c-3dc7-4eb3-9827-eaba154388b3"}
{"level":"info","message":"Intento de inicio de sesión desde IP: ::1, clientId: 864a9d3c-3dc7-4eb3-9827-eaba154388b3"}
{"level":"warn","message":"Intento fallido desde IP: ::1 y clientId: 864a9d3c-3dc7-4eb3-9827-eaba154388b3"}
{"level":"info","message":"Intento de inicio de sesión desde IP: ::1, clientId: 864a9d3c-3dc7-4eb3-9827-eaba154388b3"}
{"level":"warn","message":"Intento fallido desde IP: ::1 y clientId: 864a9d3c-3dc7-4eb3-9827-eaba154388b3"}
{"level":"info","message":"Intento de inicio de sesión desde IP: ::1, clientId: 864a9d3c-3dc7-4eb3-9827-eaba154388b3"}
{"level":"warn","message":"Intento fallido desde IP: ::1 y clientId: 864a9d3c-3dc7-4eb3-9827-eaba154388b3"}
{"level":"info","message":"Intento de inicio de sesión desde IP: ::1, clientId: 864a9d3c-3dc7-4eb3-9827-eaba154388b3"}
{"level":"warn","message":"Intento fallido desde IP: ::1 y clientId: 864a9d3c-3dc7-4eb3-9827-eaba154388b3"}
{"level":"info","message":"Intento de inicio de sesión desde IP: ::1, clientId: 864a9d3c-3dc7-4eb3-9827-eaba154388b3"}
{"level":"warn","message":"Intento fallido desde IP: ::1 y clientId: 864a9d3c-3dc7-4eb3-9827-eaba154388b3"}
{"level":"info","message":"Intento de inicio de sesión desde IP: ::1, clientId: 864a9d3c-3dc7-4eb3-9827-eaba154388b3"}
{"level":"warn","message":"Intento fallido desde IP: ::1 y clientId: 864a9d3c-3dc7-4eb3-9827-eaba154388b3"}
{"level":"info","message":"Intento de inicio de sesión desde IP: ::1, clientId: 864a9d3c-3dc7-4eb3-9827-eaba154388b3"}
{"level":"warn","message":"Intento fallido desde IP: ::1 y clientId: 864a9d3c-3dc7-4eb3-9827-eaba154388b3"}
{"level":"info","message":"Intento de inicio de sesión desde IP: ::1, clientId: 864a9d3c-3dc7-4eb3-9827-eaba154388b3"}
{"level":"warn","message":"Intento fallido desde IP: ::1 y clientId: 864a9d3c-3dc7-4eb3-9827-eaba154388b3"}
{"level":"info","message":"Intento de inicio de sesión desde IP: ::1, clientId: 864a9d3c-3dc7-4eb3-9827-eaba154388b3"}
{"level":"warn","message":"Intento fallido desde IP: ::1 y clientId: 864a9d3c-3dc7-4eb3-9827-eaba154388b3"}
{"level":"info","message":"Intento de inicio de sesión desde IP: ::1, clientId: 864a9d3c-3dc7-4eb3-9827-eaba154388b3"}
{"level":"warn","message":"Intento fallido desde IP: ::1 y clientId: 864a9d3c-3dc7-4eb3-9827-eaba154388b3"}
{"level":"info","message":"Intento de inicio de sesión desde IP: ::1, clientId: 864a9d3c-3dc7-4eb3-9827-eaba154388b3"}
{"level":"warn","message":"Intento fallido desde IP: ::1 y clientId: 864a9d3c-3dc7-4eb3-9827-eaba154388b3"}
{"level":"info","message":"Intento de inicio de sesión desde IP: ::1, clientId: 864a9d3c-3dc7-4eb3-9827-eaba154388b3"}
{"level":"warn","message":"Intento fallido desde IP: ::1 y clientId: 864a9d3c-3dc7-4eb3-9827-eaba154388b3"}
{"level":"info","message":"Intento de inicio de sesión desde IP: ::1, clientId: 864a9d3c-3dc7-4eb3-9827-eaba154388b3"}
{"level":"warn","message":"Intento fallido desde IP: ::1 y clientId: 864a9d3c-3dc7-4eb3-9827-eaba154388b3"}
{"level":"info","message":"Intento de inicio de sesión desde IP: ::1, clientId: 864a9d3c-3dc7-4eb3-9827-eaba154388b3"}
{"level":"warn","message":"Intento fallido desde IP: ::1 y clientId: 864a9d3c-3dc7-4eb3-9827-eaba154388b3"}
{"level":"info","message":"Intento de inicio de sesión desde IP: ::1, clientId: 864a9d3c-3dc7-4eb3-9827-eaba154388b3"}
{"level":"warn","message":"Intento fallido desde IP: ::1 y clientId: 864a9d3c-3dc7-4eb3-9827-eaba154388b3"}
{"level":"info","message":"Intento de inicio de sesión desde IP: ::1, clientId: 864a9d3c-3dc7-4eb3-9827-eaba154388b3"}
{"level":"warn","message":"Intento fallido desde IP: ::1 y clientId: 864a9d3c-3dc7-4eb3-9827-eaba154388b3"}
{"level":"info","message":"Intento de inicio de sesión desde IP: ::1, clientId: 864a9d3c-3dc7-4eb3-9827-eaba154388b3"}
{"level":"warn","message":"Intento fallido desde IP: ::1 y clientId: 864a9d3c-3dc7-4eb3-9827-eaba154388b3"}
{"level":"info","message":"Intento de inicio de sesión desde IP: ::1, clientId: 864a9d3c-3dc7-4eb3-9827-eaba154388b3"}
{"level":"warn","message":"Intento fallido desde IP: ::1 y clientId: 864a9d3c-3dc7-4eb3-9827-eaba154388b3"}
{"level":"info","message":"Intento de inicio de sesión desde IP: ::1, clientId: 864a9d3c-3dc7-4eb3-9827-eaba154388b3"}
{"level":"warn","message":"Intento fallido desde IP: ::1 y clientId: 864a9d3c-3dc7-4eb3-9827-eaba154388b3"}
{"level":"info","message":"Intento de inicio de sesión desde IP: ::1, clientId: 864a9d3c-3dc7-4eb3-9827-eaba154388b3"}
{"level":"warn","message":"Intento fallido desde IP: ::1 y clientId: 864a9d3c-3dc7-4eb3-9827-eaba154388b3"}
{"level":"info","message":"Intento de inicio de sesión desde IP: ::1, clientId: 864a9d3c-3dc7-4eb3-9827-eaba154388b3"}
{"level":"warn","message":"Intento fallido desde IP: ::1 y clientId: 864a9d3c-3dc7-4eb3-9827-eaba154388b3"}
{"level":"info","message":"Intento de inicio de sesión desde IP: ::1, clientId: 864a9d3c-3dc7-4eb3-9827-eaba154388b3"}
{"level":"warn","message":"Intento fallido desde IP: ::1 y clientId: 864a9d3c-3dc7-4eb3-9827-eaba154388b3"}
{"level":"info","message":"Intento de inicio de sesión desde IP: ::1, clientId: 864a9d3c-3dc7-4eb3-9827-eaba154388b3"}
{"level":"warn","message":"Intento fallido desde IP: ::1 y clientId: 864a9d3c-3dc7-4eb3-9827-eaba154388b3"}
{"level":"info","message":"Intento de inicio de sesión desde IP: ::1, clientId: 864a9d3c-3dc7-4eb3-9827-eaba154388b3"}
{"level":"warn","message":"Intento fallido desde IP: ::1 y clientId: 864a9d3c-3dc7-4eb3-9827-eaba154388b3"}
{"level":"info","message":"Intento de inicio de sesión desde IP: ::1, clientId: 864a9d3c-3dc7-4eb3-9827-eaba154388b3"}
{"level":"warn","message":"Intento fallido desde IP: ::1 y clientId: 864a9d3c-3dc7-4eb3-9827-eaba154388b3"}
{"level":"info","message":"Intento de inicio de sesión desde IP: ::1, clientId: 864a9d3c-3dc7-4eb3-9827-eaba154388b3"}
{"level":"warn","message":"Intento fallido desde IP: ::1 y clientId: 864a9d3c-3dc7-4eb3-9827-eaba154388b3"}
{"level":"info","message":"Intento de inicio de sesión desde IP: ::1, clientId: 864a9d3c-3dc7-4eb3-9827-eaba154388b3"}
{"level":"warn","message":"Intento fallido desde IP: ::1 y clientId: 864a9d3c-3dc7-4eb3-9827-eaba154388b3"}
{"level":"info","message":"Intento de inicio de sesión desde IP: ::1, clientId: 864a9d3c-3dc7-4eb3-9827-eaba154388b3"}
{"level":"warn","message":"Intento fallido desde IP: ::1 y clientId: 864a9d3c-3dc7-4eb3-9827-eaba154388b3"}
{"level":"info","message":"Intento de inicio de sesión desde IP: ::1, clientId: 864a9d3c-3dc7-4eb3-9827-eaba154388b3"}
{"level":"warn","message":"Intento fallido desde IP: ::1 y clientId: 864a9d3c-3dc7-4eb3-9827-eaba154388b3"}
{"level":"info","message":"Intento de inicio de sesión desde IP: ::1, clientId: 864a9d3c-3dc7-4eb3-9827-eaba154388b3"}
{"level":"warn","message":"Intento fallido desde IP: ::1 y clientId: 864a9d3c-3dc7-4eb3-9827-eaba154388b3"}
{"level":"info","message":"Intento de inicio de sesión desde IP: ::1, clientId: 864a9d3c-3dc7-4eb3-9827-eaba154388b3"}
{"level":"warn","message":"Intento fallido desde IP: ::1 y clientId: 864a9d3c-3dc7-4eb3-9827-eaba154388b3"}
{"level":"info","message":"Intento de inicio de sesión desde IP: ::1, clientId: 864a9d3c-3dc7-4eb3-9827-eaba154388b3"}
{"level":"warn","message":"Intento fallido desde IP: ::1 y clientId: 864a9d3c-3dc7-4eb3-9827-eaba154388b3"}
{"level":"info","message":"Intento de inicio de sesión desde IP: ::1, clientId: 864a9d3c-3dc7-4eb3-9827-eaba154388b3"}
{"level":"warn","message":"Intento fallido desde IP: ::1 y clientId: 864a9d3c-3dc7-4eb3-9827-eaba154388b3"}
{"level":"info","message":"Intento de inicio de sesión desde IP: ::1, clientId: 864a9d3c-3dc7-4eb3-9827-eaba154388b3"}
{"level":"warn","message":"Intento fallido desde IP: ::1 y clientId: 864a9d3c-3dc7-4eb3-9827-eaba154388b3"}
{"level":"info","message":"Intento de inicio de sesión desde IP: ::1, clientId: 864a9d3c-3dc7-4eb3-9827-eaba154388b3"}
{"level":"warn","message":"Intento fallido desde IP: ::1 y clientId: 864a9d3c-3dc7-4eb3-9827-eaba154388b3"}
{"level":"info","message":"Intento de inicio de sesión desde IP: ::1, clientId: 864a9d3c-3dc7-4eb3-9827-eaba154388b3"}
{"level":"warn","message":"Intento fallido desde IP: ::1 y clientId: 864a9d3c-3dc7-4eb3-9827-eaba154388b3"}
{"level":"info","message":"Intento de inicio de sesión desde IP: ::1, clientId: 864a9d3c-3dc7-4eb3-9827-eaba154388b3"}
{"level":"warn","message":"Intento fallido desde IP: ::1 y clientId: 864a9d3c-3dc7-4eb3-9827-eaba154388b3"}
{"level":"info","message":"Intento de inicio de sesión desde IP: ::1, clientId: 864a9d3c-3dc7-4eb3-9827-eaba154388b3"}
{"level":"warn","message":"Intento fallido desde IP: ::1 y clientId: 864a9d3c-3dc7-4eb3-9827-eaba154388b3"}
{"level":"info","message":"Intento de inicio de sesión desde IP: ::1, clientId: 864a9d3c-3dc7-4eb3-9827-eaba154388b3"}
{"level":"warn","message":"Intento fallido desde IP: ::1 y clientId: 864a9d3c-3dc7-4eb3-9827-eaba154388b3"}
{"level":"info","message":"Intento de inicio de sesión desde IP: ::1, clientId: 864a9d3c-3dc7-4eb3-9827-eaba154388b3"}
{"level":"warn","message":"Intento fallido desde IP: ::1 y clientId: 864a9d3c-3dc7-4eb3-9827-eaba154388b3"}
{"level":"info","message":"Intento de inicio de sesión desde IP: ::1, clientId: 864a9d3c-3dc7-4eb3-9827-eaba154388b3"}
{"level":"warn","message":"Intento fallido desde IP: ::1 y clientId: 864a9d3c-3dc7-4eb3-9827-eaba154388b3"}
{"level":"info","message":"Intento de inicio de sesión desde IP: ::1, clientId: 864a9d3c-3dc7-4eb3-9827-eaba154388b3"}
{"level":"warn","message":"Intento fallido desde IP: ::1 y clientId: 864a9d3c-3dc7-4eb3-9827-eaba154388b3"}
{"level":"info","message":"Intento de inicio de sesión desde IP: ::1, clientId: 864a9d3c-3dc7-4eb3-9827-eaba154388b3"}
{"level":"warn","message":"Intento fallido desde IP: ::1 y clientId: 864a9d3c-3dc7-4eb3-9827-eaba154388b3"}
{"level":"info","message":"Intento de inicio de sesión desde IP: ::1, clientId: 864a9d3c-3dc7-4eb3-9827-eaba154388b3"}
{"level":"warn","message":"Intento fallido desde IP: ::1 y clientId: 864a9d3c-3dc7-4eb3-9827-eaba154388b3"}
{"level":"info","message":"Intento de inicio de sesión desde IP: ::1, clientId: 864a9d3c-3dc7-4eb3-9827-eaba154388b3"}
{"level":"warn","message":"Intento fallido desde IP: ::1 y clientId: 864a9d3c-3dc7-4eb3-9827-eaba154388b3"}
{"level":"info","message":"Intento de inicio de sesión desde IP: ::1, clientId: 864a9d3c-3dc7-4eb3-9827-eaba154388b3"}
{"level":"warn","message":"Intento fallido desde IP: ::1 y clientId: 864a9d3c-3dc7-4eb3-9827-eaba154388b3"}
{"level":"info","message":"Intento de inicio de sesión desde IP: ::1, clientId: 864a9d3c-3dc7-4eb3-9827-eaba154388b3"}
{"level":"warn","message":"Intento fallido desde IP: ::1 y clientId: 864a9d3c-3dc7-4eb3-9827-eaba154388b3"}
{"level":"info","message":"Intento de inicio de sesión desde IP: ::1, clientId: 864a9d3c-3dc7-4eb3-9827-eaba154388b3"}
{"level":"warn","message":"Intento fallido desde IP: ::1 y clientId: 864a9d3c-3dc7-4eb3-9827-eaba154388b3"}
{"level":"info","message":"Intento de inicio de sesión desde IP: ::1, clientId: 864a9d3c-3dc7-4eb3-9827-eaba154388b3"}
{"level":"warn","message":"Intento fallido desde IP: ::1 y clientId: 864a9d3c-3dc7-4eb3-9827-eaba154388b3"}
{"level":"info","message":"Intento de inicio de sesión desde IP: ::1, clientId: 864a9d3c-3dc7-4eb3-9827-eaba154388b3"}
{"level":"warn","message":"Intento fallido desde IP: ::1 y clientId: 864a9d3c-3dc7-4eb3-9827-eaba154388b3"}
{"level":"info","message":"Intento de inicio de sesión desde IP: ::1, clientId: 864a9d3c-3dc7-4eb3-9827-eaba154388b3"}
{"level":"warn","message":"Intento fallido desde IP: ::1 y clientId: 864a9d3c-3dc7-4eb3-9827-eaba154388b3"}
{"level":"info","message":"Intento de inicio de sesión desde IP: ::1, clientId: 864a9d3c-3dc7-4eb3-9827-eaba154388b3"}
{"level":"warn","message":"Intento fallido desde IP: ::1 y clientId: 864a9d3c-3dc7-4eb3-9827-eaba154388b3"}
{"level":"info","message":"Intento de inicio de sesión desde IP: ::1, clientId: 864a9d3c-3dc7-4eb3-9827-eaba154388b3"}
{"level":"warn","message":"Intento fallido desde IP: ::1 y clientId: 864a9d3c-3dc7-4eb3-9827-eaba154388b3"}
{"level":"info","message":"Intento de inicio de sesión desde IP: ::1, clientId: 864a9d3c-3dc7-4eb3-9827-eaba154388b3"}
{"level":"warn","message":"Intento fallido desde IP: ::1 y clientId: 864a9d3c-3dc7-4eb3-9827-eaba154388b3"}
{"level":"info","message":"Intento de inicio de sesión desde IP: ::1, clientId: 864a9d3c-3dc7-4eb3-9827-eaba154388b3"}
{"level":"warn","message":"Intento fallido desde IP: ::1 y clientId: 864a9d3c-3dc7-4eb3-9827-eaba154388b3"}
{"level":"info","message":"Intento de inicio de sesión desde IP: ::1, clientId: 864a9d3c-3dc7-4eb3-9827-eaba154388b3"}
{"level":"warn","message":"Intento fallido desde IP: ::1 y clientId: 864a9d3c-3dc7-4eb3-9827-eaba154388b3"}
{"level":"info","message":"Intento de inicio de sesión desde IP: ::1, clientId: 864a9d3c-3dc7-4eb3-9827-eaba154388b3"}
{"level":"warn","message":"Intento fallido desde IP: ::1 y clientId: 864a9d3c-3dc7-4eb3-9827-eaba154388b3"}
{"level":"info","message":"Intento de inicio de sesión desde IP: ::1, clientId: 864a9d3c-3dc7-4eb3-9827-eaba154388b3"}
{"level":"warn","message":"Intento fallido desde IP: ::1 y clientId: 864a9d3c-3dc7-4eb3-9827-eaba154388b3"}
{"level":"info","message":"Intento de inicio de sesión desde IP: ::1, clientId: 864a9d3c-3dc7-4eb3-9827-eaba154388b3"}
{"level":"warn","message":"Intento fallido desde IP: ::1 y clientId: 864a9d3c-3dc7-4eb3-9827-eaba154388b3"}
{"level":"info","message":"Intento de inicio de sesión desde IP: ::1, clientId: 864a9d3c-3dc7-4eb3-9827-eaba154388b3"}
{"level":"warn","message":"Intento fallido desde IP: ::1 y clientId: 864a9d3c-3dc7-4eb3-9827-eaba154388b3"}
{"level":"info","message":"Intento de inicio de sesión desde IP: ::1, clientId: 864a9d3c-3dc7-4eb3-9827-eaba154388b3"}
{"level":"warn","message":"Intento fallido desde IP: ::1 y clientId: 864a9d3c-3dc7-4eb3-9827-eaba154388b3"}
{"level":"info","message":"Intento de inicio de sesión desde IP: ::1, clientId: 864a9d3c-3dc7-4eb3-9827-eaba154388b3"}
{"level":"warn","message":"Intento fallido desde IP: ::1 y clientId: 864a9d3c-3dc7-4eb3-9827-eaba154388b3"}
{"level":"info","message":"Intento de inicio de sesión desde IP: ::1, clientId: 864a9d3c-3dc7-4eb3-9827-eaba154388b3"}
{"level":"warn","message":"Intento fallido desde IP: ::1 y clientId: 864a9d3c-3dc7-4eb3-9827-eaba154388b3"}
{"level":"info","message":"Intento de inicio de sesión desde IP: ::1, clientId: 864a9d3c-3dc7-4eb3-9827-eaba154388b3"}
{"level":"warn","message":"Intento fallido desde IP: ::1 y clientId: 864a9d3c-3dc7-4eb3-9827-eaba154388b3"}
{"level":"info","message":"Intento de inicio de sesión desde IP: ::1, clientId: 864a9d3c-3dc7-4eb3-9827-eaba154388b3"}
{"level":"warn","message":"Intento fallido desde IP: ::1 y clientId: 864a9d3c-3dc7-4eb3-9827-eaba154388b3"}
{"level":"info","message":"Intento de inicio de sesión desde IP: ::1, clientId: 864a9d3c-3dc7-4eb3-9827-eaba154388b3"}
{"level":"warn","message":"Intento fallido desde IP: ::1 y clientId: 864a9d3c-3dc7-4eb3-9827-eaba154388b3"}
{"level":"info","message":"Intento de inicio de sesión desde IP: ::1, clientId: 864a9d3c-3dc7-4eb3-9827-eaba154388b3"}
{"level":"warn","message":"Intento fallido desde IP: ::1 y clientId: 864a9d3c-3dc7-4eb3-9827-eaba154388b3"}
{"level":"info","message":"Intento de inicio de sesión desde IP: ::1, clientId: 864a9d3c-3dc7-4eb3-9827-eaba154388b3"}
{"level":"warn","message":"Intento fallido desde IP: ::1 y clientId: 864a9d3c-3dc7-4eb3-9827-eaba154388b3"}
{"level":"info","message":"Intento de inicio de sesión desde IP: ::1, clientId: 864a9d3c-3dc7-4eb3-9827-eaba154388b3"}
{"level":"warn","message":"Intento fallido desde IP: ::1 y clientId: 864a9d3c-3dc7-4eb3-9827-eaba154388b3"}
{"level":"info","message":"Intento de inicio de sesión desde IP: ::1, clientId: 864a9d3c-3dc7-4eb3-9827-eaba154388b3"}
{"level":"warn","message":"Intento fallido desde IP: ::1 y clientId: 864a9d3c-3dc7-4eb3-9827-eaba154388b3"}
{"level":"info","message":"Intento de inicio de sesión desde IP: ::1, clientId: 864a9d3c-3dc7-4eb3-9827-eaba154388b3"}
{"level":"warn","message":"Intento fallido desde IP: ::1 y clientId: 864a9d3c-3dc7-4eb3-9827-eaba154388b3"}
{"level":"info","message":"Intento de inicio de sesión desde IP: ::1, clientId: 864a9d3c-3dc7-4eb3-9827-eaba154388b3"}
{"level":"warn","message":"Intento fallido desde IP: ::1 y clientId: 864a9d3c-3dc7-4eb3-9827-eaba154388b3"}
{"level":"info","message":"Intento de inicio de sesión desde IP: ::1, clientId: 864a9d3c-3dc7-4eb3-9827-eaba154388b3"}
{"level":"warn","message":"Intento fallido desde IP: ::1 y clientId: 864a9d3c-3dc7-4eb3-9827-eaba154388b3"}
{"level":"info","message":"Intento de inicio de sesión desde IP: ::1, clientId: 864a9d3c-3dc7-4eb3-9827-eaba154388b3"}
{"level":"warn","message":"Intento fallido desde IP: ::1 y clientId: 864a9d3c-3dc7-4eb3-9827-eaba154388b3"}
{"level":"info","message":"Intento de inicio de sesión desde IP: ::1, clientId: 864a9d3c-3dc7-4eb3-9827-eaba154388b3"}
{"level":"warn","message":"Intento fallido desde IP: ::1 y clientId: 864a9d3c-3dc7-4eb3-9827-eaba154388b3"}
{"level":"info","message":"Intento de inicio de sesión desde IP: ::1, clientId: 864a9d3c-3dc7-4eb3-9827-eaba154388b3"}
{"level":"warn","message":"Intento fallido desde IP: ::1 y clientId: 864a9d3c-3dc7-4eb3-9827-eaba154388b3"}
{"level":"info","message":"Intento de inicio de sesión desde IP: ::1, clientId: 864a9d3c-3dc7-4eb3-9827-eaba154388b3"}
{"level":"warn","message":"Intento fallido desde IP: ::1 y clientId: 864a9d3c-3dc7-4eb3-9827-eaba154388b3"}
{"level":"info","message":"Intento de inicio de sesión desde IP: ::1, clientId: 864a9d3c-3dc7-4eb3-9827-eaba154388b3"}
{"level":"warn","message":"Intento fallido desde IP: ::1 y clientId: 864a9d3c-3dc7-4eb3-9827-eaba154388b3"}
{"level":"info","message":"Intento de inicio de sesión desde IP: ::1, clientId: 864a9d3c-3dc7-4eb3-9827-eaba154388b3"}
{"level":"warn","message":"Intento fallido desde IP: ::1 y clientId: 864a9d3c-3dc7-4eb3-9827-eaba154388b3"}
{"level":"info","message":"Intento de inicio de sesión desde IP: ::1, clientId: 864a9d3c-3dc7-4eb3-9827-eaba154388b3"}
{"level":"info","message":"Intento de inicio de sesión desde IP: ::1, clientId: 864a9d3c-3dc7-4eb3-9827-eaba154388b3"}
{"level":"warn","message":"Intento fallido desde IP: ::1 y clientId: 864a9d3c-3dc7-4eb3-9827-eaba154388b3"}
{"level":"info","message":"Intento de inicio de sesión desde IP: ::1, clientId: 864a9d3c-3dc7-4eb3-9827-eaba154388b3"}
{"level":"warn","message":"Intento fallido desde IP: ::1 y clientId: 864a9d3c-3dc7-4eb3-9827-eaba154388b3"}
{"level":"info","message":"Intento de inicio de sesión desde IP: ::1, clientId: 864a9d3c-3dc7-4eb3-9827-eaba154388b3"}
{"level":"warn","message":"Intento fallido desde IP: ::1 y clientId: 864a9d3c-3dc7-4eb3-9827-eaba154388b3"}
{"level":"info","message":"Intento de inicio de sesión desde IP: ::1, clientId: 864a9d3c-3dc7-4eb3-9827-eaba154388b3"}
{"level":"warn","message":"Intento fallido desde IP: ::1 y clientId: 864a9d3c-3dc7-4eb3-9827-eaba154388b3"}
{"level":"info","message":"Intento de inicio de sesión desde IP: ::1, clientId: 864a9d3c-3dc7-4eb3-9827-eaba154388b3"}
{"level":"warn","message":"Intento fallido desde IP: ::1 y clientId: 864a9d3c-3dc7-4eb3-9827-eaba154388b3"}
{"level":"info","message":"Intento de inicio de sesión desde IP: ::1, clientId: 864a9d3c-3dc7-4eb3-9827-eaba154388b3"}
{"level":"warn","message":"Intento fallido desde IP: ::1 y clientId: 864a9d3c-3dc7-4eb3-9827-eaba154388b3"}
{"level":"info","message":"Intento de inicio de sesión desde IP: ::1, clientId: 864a9d3c-3dc7-4eb3-9827-eaba154388b3"}
{"level":"warn","message":"Intento fallido desde IP: ::1 y clientId: 864a9d3c-3dc7-4eb3-9827-eaba154388b3"}
{"level":"info","message":"Intento de inicio de sesión desde IP: ::1, clientId: 864a9d3c-3dc7-4eb3-9827-eaba154388b3"}
{"level":"warn","message":"Intento fallido desde IP: ::1 y clientId: 864a9d3c-3dc7-4eb3-9827-eaba154388b3"}
{"level":"info","message":"Intento de inicio de sesión desde IP: ::1, clientId: 864a9d3c-3dc7-4eb3-9827-eaba154388b3"}
{"level":"warn","message":"Intento fallido desde IP: ::1 y clientId: 864a9d3c-3dc7-4eb3-9827-eaba154388b3"}
{"level":"info","message":"Intento de inicio de sesión desde IP: ::1, clientId: 864a9d3c-3dc7-4eb3-9827-eaba154388b3"}
{"level":"warn","message":"Intento fallido desde IP: ::1 y clientId: 864a9d3c-3dc7-4eb3-9827-eaba154388b3"}
{"level":"info","message":"Intento de inicio de sesión desde IP: ::1, clientId: 864a9d3c-3dc7-4eb3-9827-eaba154388b3"}
{"level":"warn","message":"Intento fallido desde IP: ::1 y clientId: 864a9d3c-3dc7-4eb3-9827-eaba154388b3"}
{"level":"info","message":"Intento de inicio de sesión desde IP: ::1, clientId: 864a9d3c-3dc7-4eb3-9827-eaba154388b3"}
{"level":"warn","message":"Intento fallido desde IP: ::1 y clientId: 864a9d3c-3dc7-4eb3-9827-eaba154388b3"}
{"level":"info","message":"Intento de inicio de sesión desde IP: ::1, clientId: 864a9d3c-3dc7-4eb3-9827-eaba154388b3"}
{"level":"warn","message":"Intento fallido desde IP: ::1 y clientId: 864a9d3c-3dc7-4eb3-9827-eaba154388b3"}
{"level":"info","message":"Intento de inicio de sesión desde IP: ::1, clientId: 864a9d3c-3dc7-4eb3-9827-eaba154388b3"}
{"level":"warn","message":"Intento fallido desde IP: ::1 y clientId: 864a9d3c-3dc7-4eb3-9827-eaba154388b3"}
{"level":"info","message":"Intento de inicio de sesión desde IP: ::1, clientId: 864a9d3c-3dc7-4eb3-9827-eaba154388b3"}
{"level":"warn","message":"Intento fallido desde IP: ::1 y clientId: 864a9d3c-3dc7-4eb3-9827-eaba154388b3"}
{"level":"info","message":"Intento de inicio de sesión desde IP: ::1, clientId: 864a9d3c-3dc7-4eb3-9827-eaba154388b3"}
{"level":"warn","message":"Intento fallido desde IP: ::1 y clientId: 864a9d3c-3dc7-4eb3-9827-eaba154388b3"}
{"level":"info","message":"Intento de inicio de sesión desde IP: ::1, clientId: 864a9d3c-3dc7-4eb3-9827-eaba154388b3"}
{"level":"warn","message":"Intento fallido desde IP: ::1 y clientId: 864a9d3c-3dc7-4eb3-9827-eaba154388b3"}
{"level":"info","message":"Intento de inicio de sesión desde IP: ::1, clientId: 864a9d3c-3dc7-4eb3-9827-eaba154388b3"}
{"level":"warn","message":"Intento fallido desde IP: ::1 y clientId: 864a9d3c-3dc7-4eb3-9827-eaba154388b3"}
{"level":"info","message":"Intento de inicio de sesión desde IP: ::1, clientId: 864a9d3c-3dc7-4eb3-9827-eaba154388b3"}
{"level":"warn","message":"Intento fallido desde IP: ::1 y clientId: 864a9d3c-3dc7-4eb3-9827-eaba154388b3"}
{"level":"info","message":"Intento de inicio de sesión desde IP: ::1, clientId: 864a9d3c-3dc7-4eb3-9827-eaba154388b3"}
{"level":"warn","message":"Intento fallido desde IP: ::1 y clientId: 864a9d3c-3dc7-4eb3-9827-eaba154388b3"}
{"level":"info","message":"Intento de inicio de sesión desde IP: ::1, clientId: 864a9d3c-3dc7-4eb3-9827-eaba154388b3"}
{"level":"warn","message":"Intento fallido desde IP: ::1 y clientId: 864a9d3c-3dc7-4eb3-9827-eaba154388b3"}
{"level":"info","message":"Intento de inicio de sesión desde IP: ::1, clientId: 864a9d3c-3dc7-4eb3-9827-eaba154388b3"}
{"level":"warn","message":"Intento fallido desde IP: ::1 y clientId: 864a9d3c-3dc7-4eb3-9827-eaba154388b3"}
{"level":"info","message":"Intento de inicio de sesión desde IP: ::1, clientId: 864a9d3c-3dc7-4eb3-9827-eaba154388b3"}
{"level":"warn","message":"Intento fallido desde IP: ::1 y clientId: 864a9d3c-3dc7-4eb3-9827-eaba154388b3"}
{"level":"info","message":"Intento de inicio de sesión desde IP: ::1, clientId: 864a9d3c-3dc7-4eb3-9827-eaba154388b3"}
{"level":"warn","message":"Intento fallido desde IP: ::1 y clientId: 864a9d3c-3dc7-4eb3-9827-eaba154388b3"}
{"level":"info","message":"Intento de inicio de sesión desde IP: ::1, clientId: 864a9d3c-3dc7-4eb3-9827-eaba154388b3"}
{"level":"warn","message":"Intento fallido desde IP: ::1 y clientId: 864a9d3c-3dc7-4eb3-9827-eaba154388b3"}
{"level":"info","message":"Intento de inicio de sesión desde IP: ::1, clientId: 864a9d3c-3dc7-4eb3-9827-eaba154388b3"}
{"level":"warn","message":"Intento fallido desde IP: ::1 y clientId: 864a9d3c-3dc7-4eb3-9827-eaba154388b3"}
{"level":"info","message":"Intento de inicio de sesión desde IP: ::1, clientId: 864a9d3c-3dc7-4eb3-9827-eaba154388b3"}
{"level":"warn","message":"Intento fallido desde IP: ::1 y clientId: 864a9d3c-3dc7-4eb3-9827-eaba154388b3"}
{"level":"info","message":"Intento de inicio de sesión desde IP: ::1, clientId: 864a9d3c-3dc7-4eb3-9827-eaba154388b3"}
{"level":"warn","message":"Intento fallido desde IP: ::1 y clientId: 864a9d3c-3dc7-4eb3-9827-eaba154388b3"}
{"level":"info","message":"Intento de inicio de sesión desde IP: ::1, clientId: 864a9d3c-3dc7-4eb3-9827-eaba154388b3"}
{"level":"info","message":"Usuario 16 inició sesión desde IP: ::1 y clienteId: 864a9d3c-3dc7-4eb3-9827-eaba154388b3"}
{"level":"info","message":"Intento de inicio de sesión desde IP: ::1, clientId: 864a9d3c-3dc7-4eb3-9827-eaba154388b3"}
{"level":"warn","message":"Intento fallido desde IP: ::1 y clientId: 864a9d3c-3dc7-4eb3-9827-eaba154388b3"}
{"level":"info","message":"Intento de inicio de sesión desde IP: ::1, clientId: 864a9d3c-3dc7-4eb3-9827-eaba154388b3"}
{"level":"warn","message":"Intento fallido desde IP: ::1 y clientId: 864a9d3c-3dc7-4eb3-9827-eaba154388b3"}
{"level":"info","message":"Intento de inicio de sesión desde IP: ::1, clientId: 864a9d3c-3dc7-4eb3-9827-eaba154388b3"}
{"level":"warn","message":"Intento fallido desde IP: ::1 y clientId: 864a9d3c-3dc7-4eb3-9827-eaba154388b3"}
{"level":"info","message":"Intento de inicio de sesión desde IP: ::1, clientId: 864a9d3c-3dc7-4eb3-9827-eaba154388b3"}
{"level":"warn","message":"Intento fallido desde IP: ::1 y clientId: 864a9d3c-3dc7-4eb3-9827-eaba154388b3"}
{"level":"info","message":"Intento de inicio de sesión desde IP: ::1, clientId: 864a9d3c-3dc7-4eb3-9827-eaba154388b3"}
{"level":"warn","message":"Intento fallido desde IP: ::1 y clientId: 864a9d3c-3dc7-4eb3-9827-eaba154388b3"}
{"level":"info","message":"Intento de inicio de sesión desde IP: ::1, clientId: 864a9d3c-3dc7-4eb3-9827-eaba154388b3"}
{"level":"warn","message":"Intento fallido desde IP: ::1 y clientId: 864a9d3c-3dc7-4eb3-9827-eaba154388b3"}
{"level":"info","message":"Intento de inicio de sesión desde IP: ::1, clientId: 864a9d3c-3dc7-4eb3-9827-eaba154388b3"}
{"level":"warn","message":"Intento fallido desde IP: ::1 y clientId: 864a9d3c-3dc7-4eb3-9827-eaba154388b3"}
{"level":"info","message":"Intento de inicio de sesión desde IP: ::1, clientId: 864a9d3c-3dc7-4eb3-9827-eaba154388b3"}
{"level":"warn","message":"Intento fallido desde IP: ::1 y clientId: 864a9d3c-3dc7-4eb3-9827-eaba154388b3"}
{"level":"info","message":"Intento de inicio de sesión desde IP: ::1, clientId: 864a9d3c-3dc7-4eb3-9827-eaba154388b3"}
{"level":"info","message":"Intento de inicio de sesión desde IP: ::1, clientId: 864a9d3c-3dc7-4eb3-9827-eaba154388b3"}
{"level":"warn","message":"Intento fallido desde IP: ::1 y clientId: 864a9d3c-3dc7-4eb3-9827-eaba154388b3"}
{"level":"info","message":"Intento de inicio de sesión desde IP: ::1, clientId: 864a9d3c-3dc7-4eb3-9827-eaba154388b3"}
{"level":"warn","message":"Intento fallido desde IP: ::1 y clientId: 864a9d3c-3dc7-4eb3-9827-eaba154388b3"}
{"level":"info","message":"Intento de inicio de sesión desde IP: ::1, clientId: 864a9d3c-3dc7-4eb3-9827-eaba154388b3"}
{"level":"warn","message":"Intento fallido desde IP: ::1 y clientId: 864a9d3c-3dc7-4eb3-9827-eaba154388b3"}
{"level":"info","message":"Intento de inicio de sesión desde IP: ::1, clientId: 864a9d3c-3dc7-4eb3-9827-eaba154388b3"}
{"level":"warn","message":"Intento fallido desde IP: ::1 y clientId: 864a9d3c-3dc7-4eb3-9827-eaba154388b3"}
{"level":"info","message":"Intento de inicio de sesión desde IP: ::1, clientId: 864a9d3c-3dc7-4eb3-9827-eaba154388b3"}
{"level":"warn","message":"Intento fallido desde IP: ::1 y clientId: 864a9d3c-3dc7-4eb3-9827-eaba154388b3"}
{"level":"info","message":"Intento de inicio de sesión desde IP: ::1, clientId: 864a9d3c-3dc7-4eb3-9827-eaba154388b3"}
{"level":"warn","message":"Intento fallido desde IP: ::1 y clientId: 864a9d3c-3dc7-4eb3-9827-eaba154388b3"}
{"level":"info","message":"Intento de inicio de sesión desde IP: ::1, clientId: 864a9d3c-3dc7-4eb3-9827-eaba154388b3"}
{"level":"warn","message":"Intento fallido desde IP: ::1 y clientId: 864a9d3c-3dc7-4eb3-9827-eaba154388b3"}
{"level":"info","message":"Intento de inicio de sesión desde IP: ::1, clientId: 864a9d3c-3dc7-4eb3-9827-eaba154388b3"}
{"level":"warn","message":"Intento fallido desde IP: ::1 y clientId: 864a9d3c-3dc7-4eb3-9827-eaba154388b3"}
{"level":"info","message":"Intento de inicio de sesión desde IP: ::1, clientId: 864a9d3c-3dc7-4eb3-9827-eaba154388b3"}
{"level":"warn","message":"Intento fallido desde IP: ::1 y clientId: 864a9d3c-3dc7-4eb3-9827-eaba154388b3"}
{"level":"info","message":"Intento de inicio de sesión desde IP: ::1, clientId: 864a9d3c-3dc7-4eb3-9827-eaba154388b3"}
{"level":"warn","message":"Intento fallido desde IP: ::1 y clientId: 864a9d3c-3dc7-4eb3-9827-eaba154388b3"}
{"level":"info","message":"Intento de inicio de sesión desde IP: ::1, clientId: 864a9d3c-3dc7-4eb3-9827-eaba154388b3"}
{"level":"warn","message":"Intento fallido desde IP: ::1 y clientId: 864a9d3c-3dc7-4eb3-9827-eaba154388b3"}
{"level":"info","message":"Intento de inicio de sesión desde IP: ::1, clientId: 864a9d3c-3dc7-4eb3-9827-eaba154388b3"}
{"level":"warn","message":"Intento fallido desde IP: ::1 y clientId: 864a9d3c-3dc7-4eb3-9827-eaba154388b3"}
{"level":"info","message":"Intento de inicio de sesión desde IP: ::1, clientId: 864a9d3c-3dc7-4eb3-9827-eaba154388b3"}
{"level":"warn","message":"Intento fallido desde IP: ::1 y clientId: 864a9d3c-3dc7-4eb3-9827-eaba154388b3"}
{"level":"info","message":"Intento de inicio de sesión desde IP: ::1, clientId: 864a9d3c-3dc7-4eb3-9827-eaba154388b3"}
{"level":"warn","message":"Intento fallido desde IP: ::1 y clientId: 864a9d3c-3dc7-4eb3-9827-eaba154388b3"}
{"level":"info","message":"Intento de inicio de sesión desde IP: ::1, clientId: 864a9d3c-3dc7-4eb3-9827-eaba154388b3"}
{"level":"warn","message":"Intento fallido desde IP: ::1 y clientId: 864a9d3c-3dc7-4eb3-9827-eaba154388b3"}
{"level":"info","message":"Intento de inicio de sesión desde IP: ::1, clientId: 864a9d3c-3dc7-4eb3-9827-eaba154388b3"}
{"level":"warn","message":"Intento fallido desde IP: ::1 y clientId: 864a9d3c-3dc7-4eb3-9827-eaba154388b3"}
{"level":"info","message":"Intento de inicio de sesión desde IP: ::1, clientId: 864a9d3c-3dc7-4eb3-9827-eaba154388b3"}
{"level":"warn","message":"Intento fallido desde IP: ::1 y clientId: 864a9d3c-3dc7-4eb3-9827-eaba154388b3"}
{"level":"info","message":"Intento de inicio de sesión desde IP: ::1, clientId: 864a9d3c-3dc7-4eb3-9827-eaba154388b3"}
{"level":"warn","message":"Intento fallido desde IP: ::1 y clientId: 864a9d3c-3dc7-4eb3-9827-eaba154388b3"}
{"level":"info","message":"Intento de inicio de sesión desde IP: ::1, clientId: 864a9d3c-3dc7-4eb3-9827-eaba154388b3"}
{"level":"warn","message":"Intento fallido desde IP: ::1 y clientId: 864a9d3c-3dc7-4eb3-9827-eaba154388b3"}
{"level":"info","message":"Intento de inicio de sesión desde IP: ::1, clientId: 864a9d3c-3dc7-4eb3-9827-eaba154388b3"}
{"level":"warn","message":"Intento fallido desde IP: ::1 y clientId: 864a9d3c-3dc7-4eb3-9827-eaba154388b3"}
{"level":"info","message":"Intento de inicio de sesión desde IP: ::1, clientId: 864a9d3c-3dc7-4eb3-9827-eaba154388b3"}
{"level":"warn","message":"Intento fallido desde IP: ::1 y clientId: 864a9d3c-3dc7-4eb3-9827-eaba154388b3"}
{"level":"info","message":"Intento de inicio de sesión desde IP: ::1, clientId: 864a9d3c-3dc7-4eb3-9827-eaba154388b3"}
{"level":"warn","message":"Intento fallido desde IP: ::1 y clientId: 864a9d3c-3dc7-4eb3-9827-eaba154388b3"}
{"level":"info","message":"Intento de inicio de sesión desde IP: ::1, clientId: 864a9d3c-3dc7-4eb3-9827-eaba154388b3"}
{"level":"warn","message":"Intento fallido desde IP: ::1 y clientId: 864a9d3c-3dc7-4eb3-9827-eaba154388b3"}
{"level":"info","message":"Intento de inicio de sesión desde IP: ::1, clientId: 864a9d3c-3dc7-4eb3-9827-eaba154388b3"}
{"level":"info","message":"Intento de inicio de sesión desde IP: ::1, clientId: 864a9d3c-3dc7-4eb3-9827-eaba154388b3"}
{"level":"info","message":"Intento de inicio de sesión desde IP: ::1, clientId: 864a9d3c-3dc7-4eb3-9827-eaba154388b3"}
{"level":"info","message":"Intento de inicio de sesión desde IP: ::1, clientId: 864a9d3c-3dc7-4eb3-9827-eaba154388b3"}
{"level":"info","message":"Intento de inicio de sesión desde IP: ::1, clientId: 864a9d3c-3dc7-4eb3-9827-eaba154388b3"}
{"level":"info","message":"Intento de inicio de sesión desde IP: ::1, clientId: 864a9d3c-3dc7-4eb3-9827-eaba154388b3"}
{"level":"info","message":"Intento de inicio de sesión desde IP: ::1, clientId: 864a9d3c-3dc7-4eb3-9827-eaba154388b3"}
{"level":"info","message":"Intento de inicio de sesión desde IP: ::1, clientId: 864a9d3c-3dc7-4eb3-9827-eaba154388b3"}
{"level":"info","message":"Intento de inicio de sesión desde IP: ::1, clientId: 864a9d3c-3dc7-4eb3-9827-eaba154388b3"}
{"level":"info","message":"Intento de inicio de sesión desde IP: ::1, clientId: 864a9d3c-3dc7-4eb3-9827-eaba154388b3"}
{"level":"info","message":"Intento de inicio de sesión desde IP: ::1, clientId: 864a9d3c-3dc7-4eb3-9827-eaba154388b3"}
{"level":"info","message":"Intento de inicio de sesión desde IP: ::1, clientId: 864a9d3c-3dc7-4eb3-9827-eaba154388b3"}
{"level":"info","message":"Intento de inicio de sesión desde IP: ::1, clientId: 864a9d3c-3dc7-4eb3-9827-eaba154388b3"}
{"level":"info","message":"Intento de inicio de sesión desde IP: ::1, clientId: 864a9d3c-3dc7-4eb3-9827-eaba154388b3"}
{"level":"warn","message":"Intento fallido desde IP: ::1 y clientId: 864a9d3c-3dc7-4eb3-9827-eaba154388b3"}
{"level":"info","message":"Intento de inicio de sesión desde IP: ::1, clientId: 864a9d3c-3dc7-4eb3-9827-eaba154388b3"}
{"level":"warn","message":"Intento fallido desde IP: ::1 y clientId: 864a9d3c-3dc7-4eb3-9827-eaba154388b3"}
{"level":"info","message":"Intento de inicio de sesión desde IP: ::1, clientId: 864a9d3c-3dc7-4eb3-9827-eaba154388b3"}
{"level":"warn","message":"Intento fallido desde IP: ::1 y clientId: 864a9d3c-3dc7-4eb3-9827-eaba154388b3"}
{"level":"info","message":"Intento de inicio de sesión desde IP: ::1, clientId: 864a9d3c-3dc7-4eb3-9827-eaba154388b3"}
{"level":"warn","message":"Intento fallido desde IP: ::1 y clientId: 864a9d3c-3dc7-4eb3-9827-eaba154388b3"}
{"level":"info","message":"Intento de inicio de sesión desde IP: ::1, clientId: 864a9d3c-3dc7-4eb3-9827-eaba154388b3"}
{"level":"warn","message":"Intento fallido desde IP: ::1 y clientId: 864a9d3c-3dc7-4eb3-9827-eaba154388b3"}
{"level":"info","message":"Intento de inicio de sesión desde IP: ::1, clientId: 864a9d3c-3dc7-4eb3-9827-eaba154388b3"}
{"level":"warn","message":"Intento fallido desde IP: ::1 y clientId: 864a9d3c-3dc7-4eb3-9827-eaba154388b3"}
{"level":"info","message":"Intento de inicio de sesión desde IP: ::1, clientId: 864a9d3c-3dc7-4eb3-9827-eaba154388b3"}
{"level":"warn","message":"Intento fallido desde IP: ::1 y clientId: 864a9d3c-3dc7-4eb3-9827-eaba154388b3"}
{"level":"info","message":"Intento de inicio de sesión desde IP: ::1, clientId: 864a9d3c-3dc7-4eb3-9827-eaba154388b3"}
{"level":"warn","message":"Intento fallido desde IP: ::1 y clientId: 864a9d3c-3dc7-4eb3-9827-eaba154388b3"}
{"level":"info","message":"Intento de inicio de sesión desde IP: ::1, clientId: 864a9d3c-3dc7-4eb3-9827-eaba154388b3"}
{"level":"warn","message":"Intento fallido desde IP: ::1 y clientId: 864a9d3c-3dc7-4eb3-9827-eaba154388b3"}
{"level":"info","message":"Intento de inicio de sesión desde IP: ::1, clientId: 864a9d3c-3dc7-4eb3-9827-eaba154388b3"}
{"level":"warn","message":"Intento fallido desde IP: ::1 y clientId: 864a9d3c-3dc7-4eb3-9827-eaba154388b3"}
{"level":"info","message":"Intento de inicio de sesión desde IP: ::1, clientId: 864a9d3c-3dc7-4eb3-9827-eaba154388b3"}
{"level":"warn","message":"Intento fallido desde IP: ::1 y clientId: 864a9d3c-3dc7-4eb3-9827-eaba154388b3"}
{"level":"info","message":"Intento de inicio de sesión desde IP: ::1, clientId: 864a9d3c-3dc7-4eb3-9827-eaba154388b3"}
{"level":"warn","message":"Intento fallido desde IP: ::1 y clientId: 864a9d3c-3dc7-4eb3-9827-eaba154388b3"}
{"level":"info","message":"Intento de inicio de sesión desde IP: ::1, clientId: 864a9d3c-3dc7-4eb3-9827-eaba154388b3"}
{"level":"warn","message":"Intento fallido desde IP: ::1 y clientId: 864a9d3c-3dc7-4eb3-9827-eaba154388b3"}
{"level":"info","message":"Intento de inicio de sesión desde IP: ::1, clientId: 864a9d3c-3dc7-4eb3-9827-eaba154388b3"}
{"level":"warn","message":"Intento fallido desde IP: ::1 y clientId: 864a9d3c-3dc7-4eb3-9827-eaba154388b3"}
{"level":"info","message":"Intento de inicio de sesión desde IP: ::1, clientId: 864a9d3c-3dc7-4eb3-9827-eaba154388b3"}
{"level":"warn","message":"Intento fallido desde IP: ::1 y clientId: 864a9d3c-3dc7-4eb3-9827-eaba154388b3"}
{"level":"info","message":"Intento de inicio de sesión desde IP: ::1, clientId: 864a9d3c-3dc7-4eb3-9827-eaba154388b3"}
{"level":"warn","message":"Intento fallido desde IP: ::1 y clientId: 864a9d3c-3dc7-4eb3-9827-eaba154388b3"}
{"level":"info","message":"Intento de inicio de sesión desde IP: ::1, clientId: 864a9d3c-3dc7-4eb3-9827-eaba154388b3"}
{"level":"warn","message":"Intento fallido desde IP: ::1 y clientId: 864a9d3c-3dc7-4eb3-9827-eaba154388b3"}
{"level":"info","message":"Intento de inicio de sesión desde IP: ::1, clientId: 864a9d3c-3dc7-4eb3-9827-eaba154388b3"}
{"level":"warn","message":"Intento fallido desde IP: ::1 y clientId: 864a9d3c-3dc7-4eb3-9827-eaba154388b3"}
{"level":"info","message":"Intento de inicio de sesión desde IP: ::1, clientId: 864a9d3c-3dc7-4eb3-9827-eaba154388b3"}
{"level":"warn","message":"Intento fallido desde IP: ::1 y clientId: 864a9d3c-3dc7-4eb3-9827-eaba154388b3"}
{"level":"info","message":"Intento de inicio de sesión desde IP: ::1, clientId: 864a9d3c-3dc7-4eb3-9827-eaba154388b3"}
{"level":"warn","message":"Intento fallido desde IP: ::1 y clientId: 864a9d3c-3dc7-4eb3-9827-eaba154388b3"}
{"level":"info","message":"Intento de inicio de sesión desde IP: ::1, clientId: 864a9d3c-3dc7-4eb3-9827-eaba154388b3"}
{"level":"info","message":"Intento de inicio de sesión desde IP: ::1, clientId: 864a9d3c-3dc7-4eb3-9827-eaba154388b3"}
{"level":"warn","message":"Intento fallido desde IP: ::1 y clientId: 864a9d3c-3dc7-4eb3-9827-eaba154388b3"}
{"level":"info","message":"Intento de inicio de sesión desde IP: ::1, clientId: 864a9d3c-3dc7-4eb3-9827-eaba154388b3"}
{"level":"warn","message":"Intento fallido desde IP: ::1 y clientId: 864a9d3c-3dc7-4eb3-9827-eaba154388b3"}
{"level":"info","message":"Intento de inicio de sesión desde IP: ::1, clientId: 864a9d3c-3dc7-4eb3-9827-eaba154388b3"}
{"level":"warn","message":"Intento fallido desde IP: ::1 y clientId: 864a9d3c-3dc7-4eb3-9827-eaba154388b3"}
{"level":"info","message":"Intento de inicio de sesión desde IP: ::1, clientId: 864a9d3c-3dc7-4eb3-9827-eaba154388b3"}
{"level":"warn","message":"Intento fallido desde IP: ::1 y clientId: 864a9d3c-3dc7-4eb3-9827-eaba154388b3"}
{"level":"info","message":"Intento de inicio de sesión desde IP: ::1, clientId: 864a9d3c-3dc7-4eb3-9827-eaba154388b3"}
{"level":"warn","message":"Intento fallido desde IP: ::1 y clientId: 864a9d3c-3dc7-4eb3-9827-eaba154388b3"}
{"level":"info","message":"Intento de inicio de sesión desde IP: ::1, clientId: 864a9d3c-3dc7-4eb3-9827-eaba154388b3"}
{"level":"info","message":"Intento de inicio de sesión desde IP: ::1, clientId: 864a9d3c-3dc7-4eb3-9827-eaba154388b3"}
{"level":"warn","message":"Intento fallido desde IP: ::1 y clientId: 864a9d3c-3dc7-4eb3-9827-eaba154388b3"}
{"level":"info","message":"Intento de inicio de sesión desde IP: ::1, clientId: 864a9d3c-3dc7-4eb3-9827-eaba154388b3"}
{"level":"warn","message":"Intento fallido desde IP: ::1 y clientId: 864a9d3c-3dc7-4eb3-9827-eaba154388b3"}
{"level":"info","message":"Intento de inicio de sesión desde IP: ::1, clientId: 864a9d3c-3dc7-4eb3-9827-eaba154388b3"}
{"level":"warn","message":"Intento fallido desde IP: ::1 y clientId: 864a9d3c-3dc7-4eb3-9827-eaba154388b3"}
{"level":"info","message":"Intento de inicio de sesión desde IP: ::1, clientId: 864a9d3c-3dc7-4eb3-9827-eaba154388b3"}
{"level":"warn","message":"Intento fallido desde IP: ::1 y clientId: 864a9d3c-3dc7-4eb3-9827-eaba154388b3"}
{"level":"info","message":"Intento de inicio de sesión desde IP: ::1, clientId: 864a9d3c-3dc7-4eb3-9827-eaba154388b3"}
{"level":"warn","message":"Intento fallido desde IP: ::1 y clientId: 864a9d3c-3dc7-4eb3-9827-eaba154388b3"}
{"level":"info","message":"Intento de inicio de sesión desde IP: ::1, clientId: 864a9d3c-3dc7-4eb3-9827-eaba154388b3"}
{"level":"info","message":"Intento de inicio de sesión desde IP: ::1, clientId: 864a9d3c-3dc7-4eb3-9827-eaba154388b3"}
{"level":"info","message":"Intento de inicio de sesión desde IP: ::1, clientId: 1e5b6dba-1748-4c2e-896b-d0cedfae5aee"}
{"level":"warn","message":"Intento fallido desde IP: ::1 y clientId: 1e5b6dba-1748-4c2e-896b-d0cedfae5aee"}
{"level":"info","message":"Intento de inicio de sesión desde IP: ::1, clientId: 1e5b6dba-1748-4c2e-896b-d0cedfae5aee"}
{"level":"warn","message":"Intento fallido desde IP: ::1 y clientId: 1e5b6dba-1748-4c2e-896b-d0cedfae5aee"}
{"level":"info","message":"Intento de inicio de sesión desde IP: ::1, clientId: 1e5b6dba-1748-4c2e-896b-d0cedfae5aee"}
{"level":"warn","message":"Intento fallido desde IP: ::1 y clientId: 1e5b6dba-1748-4c2e-896b-d0cedfae5aee"}
{"level":"info","message":"Intento de inicio de sesión desde IP: ::1, clientId: 1e5b6dba-1748-4c2e-896b-d0cedfae5aee"}
{"level":"info","message":"Usuario 16 inició sesión desde IP: ::1 y clienteId: 1e5b6dba-1748-4c2e-896b-d0cedfae5aee"}
{"level":"info","message":"Intento de inicio de sesión desde IP: ::1, clientId: 1e5b6dba-1748-4c2e-896b-d0cedfae5aee"}
{"level":"info","message":"Usuario 16 inició sesión desde IP: ::1 y clienteId: 1e5b6dba-1748-4c2e-896b-d0cedfae5aee"}
{"level":"info","message":"Intento de inicio de sesión desde IP: ::1, clientId: 864a9d3c-3dc7-4eb3-9827-eaba154388b3"}
{"level":"info","message":"Usuario 16 inició sesión desde IP: ::1 y clienteId: 864a9d3c-3dc7-4eb3-9827-eaba154388b3"}
{"level":"info","message":"Intento de inicio de sesión desde IP: ::1, clientId: 864a9d3c-3dc7-4eb3-9827-eaba154388b3"}
{"level":"info","message":"Usuario 16 inició sesión desde IP: ::1 y clienteId: 864a9d3c-3dc7-4eb3-9827-eaba154388b3"}
{"level":"info","message":"Intento de inicio de sesión desde IP: ::1, clientId: 864a9d3c-3dc7-4eb3-9827-eaba154388b3"}
{"level":"info","message":"Usuario 16 inició sesión desde IP: ::1 y clienteId: 864a9d3c-3dc7-4eb3-9827-eaba154388b3"}
{"level":"info","message":"Intento de inicio de sesión desde IP: ::1, clientId: 864a9d3c-3dc7-4eb3-9827-eaba154388b3"}
{"level":"info","message":"Usuario 16 inició sesión desde IP: ::1 y clienteId: 864a9d3c-3dc7-4eb3-9827-eaba154388b3"}
{"level":"info","message":"Intento de inicio de sesión desde IP: ::1, clientId: 1e5b6dba-1748-4c2e-896b-d0cedfae5aee"}
{"level":"info","message":"Usuario 16 inició sesión desde IP: ::1 y clienteId: 1e5b6dba-1748-4c2e-896b-d0cedfae5aee"}
{"level":"info","message":"Intento de inicio de sesión desde IP: ::1, clientId: 864a9d3c-3dc7-4eb3-9827-eaba154388b3"}
{"level":"info","message":"Usuario 16 inició sesión desde IP: ::1 y clienteId: 864a9d3c-3dc7-4eb3-9827-eaba154388b3"}
{"level":"info","message":"Intento de inicio de sesión desde IP: ::1, clientId: 01b4c62d-0374-4410-8895-e473e8d2f120"}
{"level":"info","message":"Usuario 16 inició sesión desde IP: ::1 y clienteId: 01b4c62d-0374-4410-8895-e473e8d2f120"}
{"level":"info","message":"Intento de inicio de sesión desde IP: ::1, clientId: 1e5b6dba-1748-4c2e-896b-d0cedfae5aee"}
{"level":"info","message":"Usuario 16 inició sesión desde IP: ::1 y clienteId: 1e5b6dba-1748-4c2e-896b-d0cedfae5aee"}
{"level":"info","message":"Intento de inicio de sesión desde IP: ::1, clientId: 5ff2c198-e831-4248-be0f-f82e9ad0631c"}
{"level":"info","message":"Usuario 16 inició sesión desde IP: ::1 y clienteId: 5ff2c198-e831-4248-be0f-f82e9ad0631c"}
{"level":"info","message":"Intento de inicio de sesión desde IP: ::1, clientId: 5ff2c198-e831-4248-be0f-f82e9ad0631c"}
{"level":"info","message":"Usuario 16 inició sesión desde IP: ::1 y clienteId: 5ff2c198-e831-4248-be0f-f82e9ad0631c"}
{"level":"info","message":"Intento de inicio de sesión desde IP: ::1, clientId: 5ff2c198-e831-4248-be0f-f82e9ad0631c"}
{"level":"info","message":"Usuario 16 inició sesión desde IP: ::1 y clienteId: 5ff2c198-e831-4248-be0f-f82e9ad0631c"}
{"level":"info","message":"Intento de inicio de sesión desde IP: ::1, clientId: 46f1be3d-9a4e-4028-a8f8-4428d97e8b3e"}
{"level":"info","message":"Usuario 16 inició sesión desde IP: ::1 y clienteId: 46f1be3d-9a4e-4028-a8f8-4428d97e8b3e"}
{"level":"info","message":"Intento de inicio de sesión desde IP: ::1, clientId: 5ff2c198-e831-4248-be0f-f82e9ad0631c"}
{"level":"info","message":"Usuario 16 inició sesión desde IP: ::1 y clienteId: 5ff2c198-e831-4248-be0f-f82e9ad0631c"}
{"level":"info","message":"Intento de inicio de sesión desde IP: ::1, clientId: 5ff2c198-e831-4248-be0f-f82e9ad0631c"}
{"level":"info","message":"Usuario 16 inició sesión desde IP: ::1 y clienteId: 5ff2c198-e831-4248-be0f-f82e9ad0631c"}
{"level":"info","message":"Intento de inicio de sesión desde IP: ::1, clientId: 5ff2c198-e831-4248-be0f-f82e9ad0631c"}
{"level":"info","message":"Usuario 16 inició sesión desde IP: ::1 y clienteId: 5ff2c198-e831-4248-be0f-f82e9ad0631c"}
{"level":"info","message":"Intento de inicio de sesión desde IP: ::1, clientId: 5ff2c198-e831-4248-be0f-f82e9ad0631c"}
{"level":"info","message":"Usuario 16 inició sesión desde IP: ::1 y clienteId: 5ff2c198-e831-4248-be0f-f82e9ad0631c"}
{"level":"info","message":"Intento de inicio de sesión desde IP: ::1, clientId: 5ff2c198-e831-4248-be0f-f82e9ad0631c"}
{"level":"warn","message":"Intento fallido desde IP: ::1 y clientId: 5ff2c198-e831-4248-be0f-f82e9ad0631c"}
{"level":"info","message":"Intento de inicio de sesión desde IP: ::1, clientId: 5ff2c198-e831-4248-be0f-f82e9ad0631c"}
{"level":"warn","message":"Intento fallido desde IP: ::1 y clientId: 5ff2c198-e831-4248-be0f-f82e9ad0631c"}
{"level":"info","message":"Intento de inicio de sesión desde IP: ::1, clientId: 5ff2c198-e831-4248-be0f-f82e9ad0631c"}
{"level":"warn","message":"Intento fallido desde IP: ::1 y clientId: 5ff2c198-e831-4248-be0f-f82e9ad0631c"}
{"level":"info","message":"Intento de inicio de sesión desde IP: ::1, clientId: 5ff2c198-e831-4248-be0f-f82e9ad0631c"}
{"level":"warn","message":"Intento fallido desde IP: ::1 y clientId: 5ff2c198-e831-4248-be0f-f82e9ad0631c"}
{"level":"info","message":"Intento de inicio de sesión desde IP: ::1, clientId: 5ff2c198-e831-4248-be0f-f82e9ad0631c"}
{"level":"warn","message":"Intento fallido desde IP: ::1 y clientId: 5ff2c198-e831-4248-be0f-f82e9ad0631c"}
{"level":"info","message":"Intento de inicio de sesión desde IP: ::1, clientId: 5ff2c198-e831-4248-be0f-f82e9ad0631c"}
{"level":"info","message":"Intento de inicio de sesión desde IP: ::1, clientId: 9953040a-189c-4944-87a1-b81622387f5f"}
{"level":"info","message":"Intento de inicio de sesión desde IP: ::1, clientId: 5ff2c198-e831-4248-be0f-f82e9ad0631c"}
{"level":"info","message":"Usuario 16 inició sesión desde IP: ::1 y clienteId: 5ff2c198-e831-4248-be0f-f82e9ad0631c"}
{"level":"info","message":"Intento de inicio de sesión desde IP: ::1, clientId: 5ff2c198-e831-4248-be0f-f82e9ad0631c"}
{"level":"info","message":"Usuario 16 inició sesión desde IP: ::1 y clienteId: 5ff2c198-e831-4248-be0f-f82e9ad0631c"}
{"level":"info","message":"Intento de inicio de sesión desde IP: ::1, clientId: 26132150-df31-49f9-9ebc-c9b38b6df3a1"}
{"level":"info","message":"Usuario 16 inició sesión desde IP: ::1 y clienteId: 26132150-df31-49f9-9ebc-c9b38b6df3a1"}
{"level":"info","message":"Intento de inicio de sesión desde IP: ::1, clientId: 26132150-df31-49f9-9ebc-c9b38b6df3a1"}
{"level":"info","message":"Usuario 21 inició sesión desde IP: ::1 y clienteId: 26132150-df31-49f9-9ebc-c9b38b6df3a1"}
{"level":"info","message":"Intento de inicio de sesión desde IP: ::1, clientId: 26132150-df31-49f9-9ebc-c9b38b6df3a1"}
{"level":"warn","message":"Intento fallido desde IP: ::1 y clientId: 26132150-df31-49f9-9ebc-c9b38b6df3a1"}
{"level":"info","message":"Intento de inicio de sesión desde IP: ::1, clientId: 26132150-df31-49f9-9ebc-c9b38b6df3a1"}
{"level":"warn","message":"Intento fallido desde IP: ::1 y clientId: 26132150-df31-49f9-9ebc-c9b38b6df3a1"}
{"level":"info","message":"Intento de inicio de sesión desde IP: ::1, clientId: 26132150-df31-49f9-9ebc-c9b38b6df3a1"}
{"level":"warn","message":"Intento fallido desde IP: ::1 y clientId: 26132150-df31-49f9-9ebc-c9b38b6df3a1"}
{"level":"info","message":"Intento de inicio de sesión desde IP: ::1, clientId: 26132150-df31-49f9-9ebc-c9b38b6df3a1"}
{"level":"warn","message":"Intento fallido desde IP: ::1 y clientId: 26132150-df31-49f9-9ebc-c9b38b6df3a1"}
{"level":"info","message":"Intento de inicio de sesión desde IP: ::1, clientId: 26132150-df31-49f9-9ebc-c9b38b6df3a1"}
{"level":"warn","message":"Intento fallido desde IP: ::1 y clientId: 26132150-df31-49f9-9ebc-c9b38b6df3a1"}
{"level":"info","message":"Intento de inicio de sesión desde IP: ::1, clientId: 26132150-df31-49f9-9ebc-c9b38b6df3a1"}
{"level":"info","message":"Intento de inicio de sesión desde IP: ::1, clientId: 26132150-df31-49f9-9ebc-c9b38b6df3a1"}
{"level":"info","message":"Usuario 21 inició sesión desde IP: ::1 y clienteId: 26132150-df31-49f9-9ebc-c9b38b6df3a1"}
